#
# A fatal error has been detected by the Java Runtime Environment:
#
#  Internal Error (jvmciRuntime.cpp:1609), pid=31, tid=51
#  fatal error: Fatal exception in JVMCI: Error calling jdk.vm.ci.services.Services.serializeSavedProperties
#
# JRE version: OpenJDK Runtime Environment GraalVM CE 22.3.0 (17.0.5+8) (build 17.0.5+8-jvmci-22.3-b08)
# Java VM: OpenJDK 64-Bit Server VM GraalVM CE 22.3.0 (17.0.5+8-jvmci-22.3-b08, mixed mode, sharing, tiered, jvmci, jvmci compiler, compressed oops, compressed class ptrs, parallel gc, linux-amd64)
# Problematic frame:
# V  [libjvm.so+0x972714]  JVMCIRuntime::fatal_exception(JVMCIEnv*, char const*)+0x74
#
# Core dump will be written. Default location: Core dumps may be processed with "/usr/share/apport/apport -p%p -s%s -c%c -d%d -P%P -u%u -g%g -- %E" (or dumping to /home/runner/UltimaTentativa/core.31)
#
# If you would like to submit a bug report, please visit:
#   https://github.com/oracle/graal/issues
#

---------------  S U M M A R Y ------------

Command Line: -XX:ThreadPriorityPolicy=1 -XX:+UnlockExperimentalVMOptions -XX:+EnableJVMCIProduct -XX:JVMCIThreadsPerNativeLibraryRuntime=1 -XX:-UnlockExperimentalVMOptions -Declipse.application=org.eclipse.jdt.ls.core.id1 -Dosgi.bundles.defaultStartLevel=4 -Declipse.product=org.eclipse.jdt.ls.core.product -Dlog.level=ALL -Xverify:none -XX:+UseParallelGC -XX:GCTimeRatio=4 -XX:AdaptiveSizePolicyWeight=90 -Dsun.zip.disableMemoryMapping=true -Xmx512m -Xms100m /nix/store/a7s9klvriqi68xz3qjc0qyfl5h86xc16-jdt-language-server-1.9.0/share/java/plugins/org.eclipse.equinox.launcher_1.6.400.v20210924-0641.jar --add-modules=ALL-SYSTEM --add-opens java.base/java.util=ALL-UNNAMED --add-opens java.base/java.lang=ALL-UNNAMED -configuration /home/runner/UltimaTentativa/.cache/jdt-language-server/config -data /home/runner/UltimaTentativa/.cache/jdt-language-server/data/home/runner/UltimaTentativa

Host: Intel(R) Xeon(R) CPU @ 2.20GHz, 8 cores, 1G, Ubuntu 20.04.2 LTS
Time: Mon Dec  4 00:13:46 2023 UTC elapsed time: 408.382750 seconds (0d 0h 6m 48s)

---------------  T H R E A D  ---------------

Current thread (0x00007f36240b1cb0):  JavaThread "JVMCI-native CompilerThread0" daemon [_thread_in_vm, id=51, stack(0x00007f360a51a000,0x00007f360a71a000)]


Current CompileTask:
JVMCI-native: 408382 11216       4       java.util.concurrent.locks.AbstractQueuedSynchronizer$ConditionObject::signal (34 bytes)

Stack: [0x00007f360a51a000,0x00007f360a71a000],  sp=0x00007f360a718380,  free space=2040k
Native frames: (J=compiled Java code, j=interpreted, Vv=VM code, C=native code)
V  [libjvm.so+0x972714]  JVMCIRuntime::fatal_exception(JVMCIEnv*, char const*)+0x74
V  [libjvm.so+0x93e2fe]  JVMCIEnv::copy_saved_properties()+0x14e
V  [libjvm.so+0x9732a9]  JVMCIRuntime::initialize(JVMCIEnv*)+0xb19
V  [libjvm.so+0x9738a2]  JVMCIRuntime::get_HotSpotJVMCIRuntime(JVMCIEnv*)+0x12
V  [libjvm.so+0x9749f2]  JVMCIRuntime::compile_method(JVMCIEnv*, JVMCICompiler*, methodHandle const&, int)+0xd2
V  [libjvm.so+0x5b0d20]  CompileBroker::invoke_compiler_on_method(CompileTask*)+0x1470
V  [libjvm.so+0x5b12e8]  CompileBroker::compiler_thread_loop()+0x528
V  [libjvm.so+0xd82460]  JavaThread::thread_main_inner()+0xd0
V  [libjvm.so+0xd85a40]  Thread::call_run()+0xc0
V  [libjvm.so+0xbdb1e1]  thread_native_entry(Thread*)+0xe1

Register to memory mapping:

RAX=0x00007f362a1fe000 points into unknown readable memory: 0x0000000000000058 | 58 00 00 00 00 00 00 00
RBX=0x00007f362b2f9398: <offset 0x0000000000ef5398> in /nix/store/gpxl5qgg8kicmcvivwmybwjlpf7wh20l-graalvm17-ce-22.3.0/lib/server/libjvm.so at 0x00007f362a404000
RCX=0x00007f362b2b11e8: <offset 0x0000000000ead1e8> in /nix/store/gpxl5qgg8kicmcvivwmybwjlpf7wh20l-graalvm17-ce-22.3.0/lib/server/libjvm.so at 0x00007f362a404000
RDX=0x0000000000000649 is an unknown value
RSP=0x00007f360a718380 is pointing into the stack for thread: 0x00007f36240b1cb0
RBP=0x00007f360a7183a0 is pointing into the stack for thread: 0x00007f36240b1cb0
RSI=0x00007f362b2f9c48: <offset 0x0000000000ef5c48> in /nix/store/gpxl5qgg8kicmcvivwmybwjlpf7wh20l-graalvm17-ce-22.3.0/lib/server/libjvm.so at 0x00007f362a404000
RDI=0x00000000e0000000 is an oop: java.util.LinkedHashMap$Entry 
{0x00000000e0000000} - klass: 'java/util/LinkedHashMap$Entry'
 - ---- fields (total size 5 words):
 - final 'hash' 'I' @12  -2034522908 (86bba4e4)
 - final 'key' 'Ljava/lang/Object;' @16  a 'java/util/jar/Attributes$Name'{0x00000000e05b4318} (e05b4318)
 - 'value' 'Ljava/lang/Object;' @20  "n1Dlkvt7D1rTdL4H/0ytbCEFGvX91tKQV3geMp88JHg="{0x00000000e0000028} (e0000028)
 - 'next' 'Ljava/util/HashMap$Node;' @24  NULL (0)
 - 'before' 'Ljava/util/LinkedHashMap$Entry;' @28  NULL (0)
 - 'after' 'Ljava/util/LinkedHashMap$Entry;' @32  NULL (0)
R8 =0x00007f362b2f9398: <offset 0x0000000000ef5398> in /nix/store/gpxl5qgg8kicmcvivwmybwjlpf7wh20l-graalvm17-ce-22.3.0/lib/server/libjvm.so at 0x00007f362a404000
R9 =0x00007f360a718330 is pointing into the stack for thread: 0x00007f36240b1cb0
R10=0x00007f360a719948 is pointing into the stack for thread: 0x00007f36240b1cb0
R11=0x0000000000000293 is an unknown value
R12=0x0 is NULL
R13=0x00007f36240b1cb0 is a thread
R14=0x00007f3624000b80 points into unknown readable memory: 0x00007f362b52aa38 | 38 aa 52 2b 36 7f 00 00
R15=0x00007f362b638e40: <offset 0x0000000001234e40> in /nix/store/gpxl5qgg8kicmcvivwmybwjlpf7wh20l-graalvm17-ce-22.3.0/lib/server/libjvm.so at 0x00007f362a404000


Registers:
RAX=0x00007f362a1fe000, RBX=0x00007f362b2f9398, RCX=0x00007f362b2b11e8, RDX=0x0000000000000649
RSP=0x00007f360a718380, RBP=0x00007f360a7183a0, RSI=0x00007f362b2f9c48, RDI=0x00000000e0000000
R8 =0x00007f362b2f9398, R9 =0x00007f360a718330, R10=0x00007f360a719948, R11=0x0000000000000293
R12=0x0000000000000000, R13=0x00007f36240b1cb0, R14=0x00007f3624000b80, R15=0x00007f362b638e40
RIP=0x00007f362ad76714, EFLAGS=0x0000000000010206, CSGSFS=0x002b000000000033, ERR=0x0000000000000006
  TRAPNO=0x000000000000000e

Top of Stack: (sp=0x00007f360a718380)
0x00007f360a718380:   00007f360a718940 00007f36240b1cb0
0x00007f360a718390:   00007f3628b8f8c8 0000000800c417a0
0x00007f360a7183a0:   00007f360a718500 00007f362ad422fe
0x00007f360a7183b0:   00007f360a7183e0 00007f360a718440 

Instructions: (pc=0x00007f362ad76714)
0x00007f362ad76614:   30 e8 f6 cf e8 ff 4c 89 e7 e8 2e 48 d1 ff 84 db
0x00007f362ad76624:   75 2a 4d 85 ed 74 04 4d 8b 6d 00 48 83 c4 08 44
0x00007f362ad76634:   89 f9 4c 89 f2 4c 89 ee 5b 4c 89 e7 41 5c 41 5d
0x00007f362ad76644:   41 5e 41 5f 5d e9 e2 47 d1 ff 66 90 48 83 c4 08
0x00007f362ad76654:   5b 41 5c 41 5d 41 5e 41 5f 5d c3 90 31 d2 be 08
0x00007f362ad76664:   00 00 00 4c 89 ff e8 b1 78 a3 ff 49 89 c5 e9 37
0x00007f362ad76674:   ff ff ff 66 0f 1f 84 00 00 00 00 00 48 8b 7a 08
0x00007f362ad76684:   e9 6d ff ff ff 0f 1f 80 00 00 00 00 e8 5b 48 0a
0x00007f362ad76694:   00 84 c0 75 89 e9 6a ff ff ff 66 90 55 48 89 e5
0x00007f362ad766a4:   41 56 41 55 41 54 49 89 fc 53 48 89 f3 66 48 8d
0x00007f362ad766b4:   3d 27 5e 85 00 66 66 48 e8 df 43 8d ff 4c 8b 28
0x00007f362ad766c4:   8b 05 be 72 8a 00 85 c0 75 14 ba 01 00 00 00 48
0x00007f362ad766d4:   8d 0d ae 72 8a 00 f0 0f b1 11 85 c0 74 4e be c8
0x00007f362ad766e4:   00 00 00 4c 89 ef e8 01 0b 41 00 48 8d 05 12 ac
0x00007f362ad766f4:   85 00 49 89 d8 48 8d 0d e8 aa 53 00 ba 49 06 00
0x00007f362ad76704:   00 48 8d 35 3c 35 58 00 bf 00 00 00 e0 48 8b 00
0x00007f362ad76714:   c6 00 58 31 c0 e8 e2 91 c6 ff 5b 41 5c 41 5d 41
0x00007f362ad76724:   5e 5d e9 55 34 26 00 0f 1f 44 00 00 48 8d 05 81
0x00007f362ad76734:   a3 8b 00 48 89 df 4c 8b 30 e8 9e 43 8d ff 48 89
0x00007f362ad76744:   de 48 89 c2 49 8b 06 4c 89 f7 ff 50 08 4c 89 f7
0x00007f362ad76754:   e8 a7 5c 27 00 4d 85 e4 74 12 be 01 00 00 00 4c
0x00007f362ad76764:   89 e7 e8 35 43 fc ff eb 82 0f 1f 00 be 01 00 00
0x00007f362ad76774:   00 4c 89 ef e8 d3 fd ff ff e9 6d ff ff ff 66 66
0x00007f362ad76784:   2e 0f 1f 84 00 00 00 00 00 0f 1f 00 55 48 89 e5
0x00007f362ad76794:   41 57 41 56 41 55 41 54 53 48 81 ec 08 02 00 00
0x00007f362ad767a4:   64 48 8b 04 25 28 00 00 00 48 89 45 c8 8b 07 83
0x00007f362ad767b4:   f8 02 0f 84 11 04 00 00 4c 8b 6f 18 49 89 ff 49
0x00007f362ad767c4:   89 f4 4d 85 ed 74 14 4c 89 ef e8 5d 57 22 00 41
0x00007f362ad767d4:   8b 07 83 f8 02 0f 84 19 04 00 00 48 8d 1d 9a 06
0x00007f362ad767e4:   8a 00 4c 8d 35 0b 3c 58 00 eb 38 90 48 85 d2 7f
0x00007f362ad767f4:   0d 48 8d 05 b4 c0 85 00 48 83 38 00 7e 0e 41 8b
0x00007f362ad76804:   77 2c 4c 89 f7 31 c0 e8 a0 b2 f7 ff 49 8b 7f 18 


Stack slot to memory mapping:
stack at sp + 0 slots: 0x00007f360a718940 is pointing into the stack for thread: 0x00007f36240b1cb0
stack at sp + 1 slots: 0x00007f36240b1cb0 is a thread
stack at sp + 2 slots: 0x00007f3628b8f8c8 points into unknown readable memory: 0x65730018052dffff | ff ff 2d 05 18 00 73 65
stack at sp + 3 slots: 0x0000000800c417a0 is a pointer to class: 
jdk.vm.ci.services.Services {0x0000000800c417a0}
 - instance size:     2
 - klass size:        65
 - access:            public final synchronized 
 - state:             fully_initialized
 - name:              'jdk/vm/ci/services/Services'
 - super:             'java/lang/Object'
 - sub:               
 - arrays:            NULL
 - methods:           Array<T>(0x00007f360ac453a8)
 - method ordering:   Array<T>(0x0000000800928960)
 - default_methods:   Array<T>(0x0000000000000000)
 - local interfaces:  Array<T>(0x00000008005ce810)
 - trans. interfaces: Array<T>(0x00000008005ce810)
 - constants:         constant pool [427] {0x00007f360ac44488} for 'jdk/vm/ci/services/Services' cache=0x00007f360ac46678
 - class loader data:  loader data: 0x00007f3624027d30 of 'bootstrap'
 - source file:       'Services.java'
 - class annotations:       Array<T>(0x0000000000000000)
 - class type annotations:  Array<T>(0x0000000000000000)
 - field annotations:       Array<T>(0x0000000000000000)
 - field type annotations:  Array<T>(0x0000000000000000)
 - inner classes:     Array<T>(0x00007f360ac46648)
 - nest members:     Array<T>(0x00007f360ac46668)
 - permitted subclasses:     Array<T>(0x00000008005ce7a0)
 - java mirror:       a 'java/lang/Class'{0x00000000e02b1890} = 'jdk/vm/ci/services/Services'
 - vtable length      5  (start addr: 0x0000000800c41970)
 - itable length      2 (start addr: 0x0000000800c41998)
 - ---- static fields (3 words):
 - public static final 'IS_BUILDING_NATIVE_IMAGE' 'Z' @128 
 - public static final 'IS_IN_NATIVE_IMAGE' 'Z' @129 
 - private static volatile 'savedProperties' 'Ljava/util/Map;' @112 
 - static final 'JVMCI_ENABLED' 'Z' @130 
 - private static final 'servicesCache' 'Ljava/util/Map;' @116 
 - private static final 'MAX_UNICODE_IN_UTF8_LENGTH' 'I' @120 
 - private static final 'MAX_UTF8_PROPERTY_STRING_LENGTH' 'I' @124 
 - ---- non-static fields (0 words):
 - non-static oop maps: 
stack at sp + 4 slots: 0x00007f360a718500 is pointing into the stack for thread: 0x00007f36240b1cb0
stack at sp + 5 slots: 0x00007f362ad422fe: <offset 0x000000000093e2fe> in /nix/store/gpxl5qgg8kicmcvivwmybwjlpf7wh20l-graalvm17-ce-22.3.0/lib/server/libjvm.so at 0x00007f362a404000
stack at sp + 6 slots: 0x00007f360a7183e0 is pointing into the stack for thread: 0x00007f36240b1cb0
stack at sp + 7 slots: 0x00007f360a718440 is pointing into the stack for thread: 0x00007f36240b1cb0


---------------  P R O C E S S  ---------------

Threads class SMR info:
_java_thread_list=0x00007f3578005e60, length=31, elements={
0x00007f3624025fd0, 0x00007f36240a5f70, 0x00007f36240a73b0, 0x00007f36240adb20,
0x00007f36240aeed0, 0x00007f36240b02c0, 0x00007f36240b1cb0, 0x00007f36240b31c0,
0x00007f36240b4610, 0x00007f36240d7930, 0x00007f362411fa80, 0x00007f36242f4b50,
0x00007f362433cb50, 0x00007f362433f8e0, 0x00007f35b802bde0, 0x00007f35b840bb70,
0x00007f35a80010d0, 0x00007f35b8613e10, 0x00007f35b87ac390, 0x00007f36243646b0,
0x00007f36243fe760, 0x00007f35a8009500, 0x00007f3590000ff0, 0x00007f3594129c00,
0x00007f359412a470, 0x00007f3588003a80, 0x00007f3594093d20, 0x00007f3594094f60,
0x00007f356c001050, 0x00007f35ac2ef010, 0x00007f3578005520
}

Java Threads: ( => current thread )
  0x00007f3624025fd0 JavaThread "main" [_thread_blocked, id=37, stack(0x00007f362a21f000,0x00007f362a31f000)]
  0x00007f36240a5f70 JavaThread "Reference Handler" daemon [_thread_blocked, id=44, stack(0x00007f3628236000,0x00007f3628336000)]
  0x00007f36240a73b0 JavaThread "Finalizer" daemon [_thread_blocked, id=46, stack(0x00007f3628136000,0x00007f3628236000)]
  0x00007f36240adb20 JavaThread "Signal Dispatcher" daemon [_thread_blocked, id=48, stack(0x00007f3628036000,0x00007f3628136000)]
  0x00007f36240aeed0 JavaThread "Service Thread" daemon [_thread_blocked, id=49, stack(0x00007f360a81a000,0x00007f360a91a000)]
  0x00007f36240b02c0 JavaThread "Monitor Deflation Thread" daemon [_thread_blocked, id=50, stack(0x00007f360a71a000,0x00007f360a81a000)]
=>0x00007f36240b1cb0 JavaThread "JVMCI-native CompilerThread0" daemon [_thread_in_vm, id=51, stack(0x00007f360a51a000,0x00007f360a71a000)]
  0x00007f36240b31c0 JavaThread "C1 CompilerThread0" daemon [_thread_blocked, id=52, stack(0x00007f360a31a000,0x00007f360a51a000)]
  0x00007f36240b4610 JavaThread "Sweeper thread" daemon [_thread_blocked, id=53, stack(0x00007f360a21a000,0x00007f360a31a000)]
  0x00007f36240d7930 JavaThread "Common-Cleaner" daemon [_thread_blocked, id=54, stack(0x00007f360a11a000,0x00007f360a21a000)]
  0x00007f362411fa80 JavaThread "Notification Thread" daemon [_thread_blocked, id=56, stack(0x00007f360a01a000,0x00007f360a11a000)]
  0x00007f36242f4b50 JavaThread "Active Thread: Equinox Container: 63bdaf94-e195-4f4a-8152-f92ed25848a5" [_thread_blocked, id=67, stack(0x00007f3608c00000,0x00007f3608d00000)]
  0x00007f362433cb50 JavaThread "Framework Event Dispatcher: Equinox Container: 63bdaf94-e195-4f4a-8152-f92ed25848a5" daemon [_thread_blocked, id=70, stack(0x00007f3608a00000,0x00007f3608b00000)]
  0x00007f362433f8e0 JavaThread "Start Level: Equinox Container: 63bdaf94-e195-4f4a-8152-f92ed25848a5" daemon [_thread_blocked, id=71, stack(0x00007f3608800000,0x00007f3608900000)]
  0x00007f35b802bde0 JavaThread "SCR Component Actor" daemon [_thread_blocked, id=73, stack(0x00007f3608600000,0x00007f3608700000)]
  0x00007f35b840bb70 JavaThread "Worker-JM" [_thread_blocked, id=80, stack(0x00007f3608200000,0x00007f3608300000)]
  0x00007f35a80010d0 JavaThread "Worker-1: Compacting resource model" [_thread_blocked, id=87, stack(0x00007f35d1b00000,0x00007f35d1c00000)]
  0x00007f35b8613e10 JavaThread "Java indexing" daemon [_thread_blocked, id=89, stack(0x00007f35d1700000,0x00007f35d1800000)]
  0x00007f35b87ac390 JavaThread "Bundle File Closer" daemon [_thread_blocked, id=92, stack(0x00007f3608100000,0x00007f3608200000)]
  0x00007f36243646b0 JavaThread "pool-3-thread-1" [_thread_blocked, id=97, stack(0x00007f35d1500000,0x00007f35d1600000)]
  0x00007f36243fe760 JavaThread "pool-2-thread-1" [_thread_in_native, id=100, stack(0x00007f3608400000,0x00007f3608500000)]
  0x00007f35a8009500 JavaThread "Worker-3: Java indexing... " [_thread_blocked, id=108, stack(0x00007f35d1300000,0x00007f35d1400000)]
  0x00007f3590000ff0 JavaThread "Worker-4" [_thread_blocked, id=110, stack(0x00007f35d1100000,0x00007f35d1200000)]
  0x00007f3594129c00 JavaThread "OkHttp repo.maven.apache.org" [_thread_blocked, id=139, stack(0x00007f35d0f00000,0x00007f35d1000000)]
  0x00007f359412a470 JavaThread "OkHttp ConnectionPool" daemon [_thread_blocked, id=140, stack(0x00007f35d0d00000,0x00007f35d0e00000)]
  0x00007f3588003a80 JavaThread "OkHttp repo.maven.apache.org Writer" [_thread_blocked, id=141, stack(0x00007f35d0b00000,0x00007f35d0c00000)]
  0x00007f3594093d20 JavaThread "OkHttp repo.maven.apache.org" [_thread_blocked, id=158, stack(0x00007f35d0500000,0x00007f35d0600000)]
  0x00007f3594094f60 JavaThread "OkHttp ConnectionPool" daemon [_thread_blocked, id=159, stack(0x00007f35d0300000,0x00007f35d0400000)]
  0x00007f356c001050 JavaThread "OkHttp repo.maven.apache.org Writer" [_thread_blocked, id=162, stack(0x00007f35d0200000,0x00007f35d0300000)]
  0x00007f35ac2ef010 JavaThread "Worker-6" [_thread_blocked, id=743, stack(0x00007f35d1900000,0x00007f35d1a00000)]
  0x00007f3578005520 JavaThread "OkHttp ConnectionPool" daemon [_thread_blocked, id=894, stack(0x00007f3608000000,0x00007f3608100000)]

Other Threads:
  0x00007f36240a16b0 VMThread "VM Thread" [stack: 0x00007f3628338000,0x00007f3628438000] [id=40] _threads_hazard_ptr=0x00007f3578005e60
  0x00007f3624121420 WatcherThread [stack: 0x00007f3609f1a000,0x00007f360a01a000] [id=57]
  0x00007f362403d8d0 GCTaskThread "GC Thread#0" [stack: 0x00007f3629de2000,0x00007f3629ee2000] [id=38]

Threads with active compile tasks:
JVMCI-native CompilerThread0   408451 11216       4       java.util.concurrent.locks.AbstractQueuedSynchronizer$ConditionObject::signal (34 bytes)

VM state: synchronizing (normal execution)

VM Mutex/Monitor currently owned by a thread:  ([mutex/lock_event])
[0x00007f3624023120] Threads_lock - owner thread: 0x00007f36240a16b0
[0x00007f36240238d0] Heap_lock - owner thread: 0x00007f3594093d20

OutOfMemory and StackOverflow Exception counts:
OutOfMemoryError java_heap_errors=5
LinkageErrors=64

Heap address: 0x00000000e0000000, size: 512 MB, Compressed Oops mode: 32-bit

CDS archive(s) mapped at: [0x0000000800000000-0x0000000800bc8000-0x0000000800bc8000), size 12353536, SharedBaseAddress: 0x0000000800000000, ArchiveRelocationMode: 0.
Compressed class space mapped at: 0x0000000800c00000-0x0000000840c00000, reserved size: 1073741824
Narrow klass base: 0x0000000800000000, Narrow klass shift: 0, Narrow klass range: 0x100000000

GC Precious Log:
 CPUs: 8 total, 1 available
 Memory: 1024M
 Large Page Support: Disabled
 NUMA Support: Disabled
 Compressed Oops: Enabled (32-bit)
 Alignments: Space 512K, Generation 512K, Heap 2M
 Heap Min Capacity: 100M
 Heap Initial Capacity: 100M
 Heap Max Capacity: 512M
 Pre-touch: Disabled
 Parallel Workers: 1

Heap:
 PSYoungGen      total 45568K, used 34303K [0x00000000f5580000, 0x00000000f8f00000, 0x0000000100000000)
  eden space 34304K, 99% used [0x00000000f5580000,0x00000000f76ffff8,0x00000000f7700000)
  from space 11264K, 0% used [0x00000000f7700000,0x00000000f7700000,0x00000000f8200000)
  to   space 11264K, 0% used [0x00000000f8400000,0x00000000f8400000,0x00000000f8f00000)
 ParOldGen       total 349696K, used 349694K [0x00000000e0000000, 0x00000000f5580000, 0x00000000f5580000)
  object space 349696K, 99% used [0x00000000e0000000,0x00000000f557f9a8,0x00000000f5580000)
 Metaspace       used 61902K, committed 63040K, reserved 1105920K
  class space    used 5920K, committed 6336K, reserved 1048576K

Card table byte_map: [0x00007f3629ee2000,0x00007f3629fe3000] _byte_map_base: 0x00007f36297e2000

Marking Bits: (ParMarkBitMap*) 0x00007f362b6324c0
 Begin Bits: [0x00007f3628d35000, 0x00007f3629535000)
 End Bits:   [0x00007f3629535000, 0x00007f3629d35000)

Polling page: 0x00007f362a1fc000

Metaspace:

Usage:
  Non-class:     54.67 MB used.
      Class:      5.78 MB used.
       Both:     60.45 MB used.

Virtual space:
  Non-class space:       56.00 MB reserved,      55.38 MB ( 99%) committed,  7 nodes.
      Class space:        1.00 GB reserved,       6.19 MB ( <1%) committed,  1 nodes.
             Both:        1.05 GB reserved,      61.56 MB (  6%) committed. 

Chunk freelists:
   Non-Class:  468.00 KB
       Class:  1.84 MB
        Both:  2.30 MB

MaxMetaspaceSize: unlimited
CompressedClassSpaceSize: 1.00 GB
Initial GC threshold: 21.00 MB
Current GC threshold: 102.50 MB
CDS: on
MetaspaceReclaimPolicy: balanced
 - commit_granule_bytes: 65536.
 - commit_granule_words: 8192.
 - virtual_space_node_default_size: 1048576.
 - enlarge_chunks_in_place: 1.
 - new_chunks_are_fully_committed: 0.
 - uncommit_free_chunks: 1.
 - use_allocation_guard: 0.
 - handle_deallocations: 1.


Internal statistics:

num_allocs_failed_limit: 8.
num_arena_births: 518.
num_arena_deaths: 174.
num_vsnodes_births: 8.
num_vsnodes_deaths: 0.
num_space_committed: 984.
num_space_uncommitted: 0.
num_chunks_returned_to_freelist: 243.
num_chunks_taken_from_freelist: 2992.
num_chunk_merges: 93.
num_chunk_splits: 1905.
num_chunks_enlarged: 1156.
num_purges: 8.
num_inconsistent_stats: 0.

CodeHeap 'non-profiled nmethods': size=120036Kb used=3767Kb max_used=3853Kb free=116268Kb
 bounds [0x00007f3612f7a000, 0x00007f361334a000, 0x00007f361a4b3000]
CodeHeap 'profiled nmethods': size=120032Kb used=19448Kb max_used=20920Kb free=100583Kb
 bounds [0x00007f360ba42000, 0x00007f360cf32000, 0x00007f3612f7a000]
CodeHeap 'non-nmethods': size=5692Kb used=1397Kb max_used=1421Kb free=4294Kb
 bounds [0x00007f360b4b3000, 0x00007f360b723000, 0x00007f360ba42000]
 total_blobs=8889 nmethods=8155 adapters=641
 compilation: enabled
              stopped_count=0, restarted_count=0
 full_count=0

JVMCI Events (20 events):
Event: 129.061 Thread 0x00007f36240b1cb0 compacted oop handles in JVMCI runtime 0 from 93 to 93
Event: 129.061 Thread 0x00007f36240b1cb0 releasing handles for JVMCI runtime 0: oop handles=93, metadata handles={total=1568, live=967, blocks=49}
Event: 129.061 Thread 0x00007f36240b1cb0 detached from JVMCI runtime 0
Event: 165.274 Thread 0x00007f36240b1cb0 attached to JVMCI runtime 0
Event: 165.278 Thread 0x00007f36240b1cb0 created JavaVM[2]@0x00007f35ce29e340 for JVMCI runtime 0
Event: 165.278 Thread 0x00007f36240b1cb0 initializing JVMCI runtime 0
Event: 165.278 Thread 0x00007f36240b1cb0 done waiting for JavaVM references initialization in JVMCI runtime 0
Event: 165.279 Thread 0x00007f36240b1cb0 initialized JVMCI runtime 0
Event: 165.471 Thread 0x00007f36240b1cb0 compacted oop handles in JVMCI runtime 0 from 53 to 49
Event: 167.840 Thread 0x00007f36240b1cb0 detaching from JVMCI runtime 0: releasing idle compiler thread (0 other threads still attached)
Event: 167.840 Thread 0x00007f36240b1cb0 shutting down HotSpotJVMCIRuntime for JVMCI runtime 0
Event: 167.840 Thread 0x00007f36240b1cb0 shut down JVMCI runtime 0
Event: 167.841 Thread 0x00007f36240b1cb0 destroyed JavaVM[2]@0x00007f35ce29e340 for JVMCI runtime 0
Event: 167.841 Thread 0x00007f36240b1cb0 compacted oop handles in JVMCI runtime 0 from 49 to 49
Event: 167.841 Thread 0x00007f36240b1cb0 releasing handles for JVMCI runtime 0: oop handles=49, metadata handles={total=94, live=79, blocks=49}
Event: 167.841 Thread 0x00007f36240b1cb0 detached from JVMCI runtime 0
Event: 347.683 Thread 0x00007f36240b1cb0 attached to JVMCI runtime 0
Event: 347.687 Thread 0x00007f36240b1cb0 created JavaVM[3]@0x00007f35ce29e340 for JVMCI runtime 0
Event: 347.687 Thread 0x00007f36240b1cb0 initializing JVMCI runtime 0
Event: 347.687 Thread 0x00007f36240b1cb0 done waiting for JavaVM references initialization in JVMCI runtime 0

Compilation events (20 events):
Event: 123.861 Thread 0x00007f36240b1cb0 nmethod 11212% 0x00007f3613332a10 code [0x00007f3613332d40, 0x00007f36133356c8]
Event: 123.862 Thread 0x00007f36240b1cb0 11210       4       org.eclipse.jdt.internal.core.index.DiskIndex$IntList::add (67 bytes)
Event: 123.932 Thread 0x00007f36240b1cb0 nmethod 11210 0x00007f3613336d10 code [0x00007f3613336ea0, 0x00007f3613337128]
Event: 123.933 Thread 0x00007f36240b1cb0 11213       4       org.eclipse.jdt.internal.core.index.DiskIndex::copyQueryResults (218 bytes)
Event: 124.156 Thread 0x00007f36240b1cb0 nmethod 11213 0x00007f3613337290 code [0x00007f36133374c0, 0x00007f3613338810]
Event: 124.156 Thread 0x00007f36240b1cb0 11180       4       org.eclipse.jdt.core.compiler.CharOperation::lastSegment (22 bytes)
Event: 124.233 Thread 0x00007f36240b1cb0 nmethod 11180 0x00007f3613339390 code [0x00007f3613339520, 0x00007f3613339790]
Event: 124.233 Thread 0x00007f36240b1cb0 11183       4       org.eclipse.jdt.core.Signature::toCharArray (83 bytes)
Event: 124.263 Thread 0x00007f36240b1cb0 nmethod 11183 0x00007f3613339910 code [0x00007f3613339ac0, 0x00007f361333a290]
Event: 124.263 Thread 0x00007f36240b1cb0 11189       4       jdk.internal.jrtfs.JrtPath::hashCode (8 bytes)
Event: 124.282 Thread 0x00007f36240b1cb0 nmethod 11189 0x00007f361333a810 code [0x00007f361333a980, 0x00007f361333acb8]
Event: 124.334 Thread 0x00007f36240b1cb0 11188       4       java.util.stream.Sink$ChainedReference::end (10 bytes)
Event: 124.344 Thread 0x00007f36240b1cb0 nmethod 11188 0x00007f361333ae10 code [0x00007f361333b020, 0x00007f361333b318]
Event: 124.344 Thread 0x00007f36240b1cb0 11198 %     4       org.eclipse.jdt.internal.core.util.Util::quickSort @ 22 (107 bytes)
Event: 126.689 Thread 0x00007f36240b1cb0 nmethod 11198% 0x00007f361333b510 code [0x00007f361333b720, 0x00007f361333c5a0]
Event: 165.274 Thread 0x00007f36240b1cb0 11214       4       java.lang.ref.Reference::enqueueFromPending (19 bytes)
Event: 165.471 Thread 0x00007f36240b1cb0 nmethod 11214 0x00007f361333cf10 code [0x00007f361333d0c0, 0x00007f361333d4d0]
Event: 212.148 Thread 0x00007f36240b31c0 11215       3       jdk.internal.misc.Unsafe::putReferenceOpaque (9 bytes)
Event: 214.052 Thread 0x00007f36240b31c0 nmethod 11215 0x00007f360ba7e190 code [0x00007f360ba7e320, 0x00007f360ba7e450]
Event: 347.683 Thread 0x00007f36240b1cb0 11216       4       java.util.concurrent.locks.AbstractQueuedSynchronizer$ConditionObject::signal (34 bytes)

GC Heap History (20 events):
Event: 388.975 GC heap before
{Heap before GC invocations=288 (full 134):
 PSYoungGen      total 45568K, used 34303K [0x00000000f5580000, 0x00000000f8f00000, 0x0000000100000000)
  eden space 34304K, 99% used [0x00000000f5580000,0x00000000f76fffe0,0x00000000f7700000)
  from space 11264K, 0% used [0x00000000f7700000,0x00000000f7700000,0x00000000f8200000)
  to   space 11264K, 0% used [0x00000000f8400000,0x00000000f8400000,0x00000000f8f00000)
 ParOldGen       total 349696K, used 349694K [0x00000000e0000000, 0x00000000f5580000, 0x00000000f5580000)
  object space 349696K, 99% used [0x00000000e0000000,0x00000000f557f8d0,0x00000000f5580000)
 Metaspace       used 61895K, committed 63040K, reserved 1105920K
  class space    used 5919K, committed 6336K, reserved 1048576K
}
Event: 390.940 GC heap after
{Heap after GC invocations=288 (full 134):
 PSYoungGen      total 45568K, used 34303K [0x00000000f5580000, 0x00000000f8f00000, 0x0000000100000000)
  eden space 34304K, 99% used [0x00000000f5580000,0x00000000f76fffe0,0x00000000f7700000)
  from space 11264K, 0% used [0x00000000f8400000,0x00000000f8400000,0x00000000f8f00000)
  to   space 11264K, 0% used [0x00000000f7700000,0x00000000f7700000,0x00000000f8200000)
 ParOldGen       total 349696K, used 349694K [0x00000000e0000000, 0x00000000f5580000, 0x00000000f5580000)
  object space 349696K, 99% used [0x00000000e0000000,0x00000000f557f8d0,0x00000000f5580000)
 Metaspace       used 61895K, committed 63040K, reserved 1105920K
  class space    used 5919K, committed 6336K, reserved 1048576K
}
Event: 390.942 GC heap before
{Heap before GC invocations=289 (full 135):
 PSYoungGen      total 45568K, used 34304K [0x00000000f5580000, 0x00000000f8f00000, 0x0000000100000000)
  eden space 34304K, 100% used [0x00000000f5580000,0x00000000f7700000,0x00000000f7700000)
  from space 11264K, 0% used [0x00000000f8400000,0x00000000f8400000,0x00000000f8f00000)
  to   space 11264K, 0% used [0x00000000f7700000,0x00000000f7700000,0x00000000f8200000)
 ParOldGen       total 349696K, used 349696K [0x00000000e0000000, 0x00000000f5580000, 0x00000000f5580000)
  object space 349696K, 100% used [0x00000000e0000000,0x00000000f5580000,0x00000000f5580000)
 Metaspace       used 61899K, committed 63040K, reserved 1105920K
  class space    used 5919K, committed 6336K, reserved 1048576K
}
Event: 392.947 GC heap after
{Heap after GC invocations=289 (full 135):
 PSYoungGen      total 45568K, used 34303K [0x00000000f5580000, 0x00000000f8f00000, 0x0000000100000000)
  eden space 34304K, 99% used [0x00000000f5580000,0x00000000f76fffe0,0x00000000f7700000)
  from space 11264K, 0% used [0x00000000f7700000,0x00000000f7700000,0x00000000f8200000)
  to   space 11264K, 0% used [0x00000000f8400000,0x00000000f8400000,0x00000000f8f00000)
 ParOldGen       total 349696K, used 349694K [0x00000000e0000000, 0x00000000f5580000, 0x00000000f5580000)
  object space 349696K, 99% used [0x00000000e0000000,0x00000000f557fbe8,0x00000000f5580000)
 Metaspace       used 61899K, committed 63040K, reserved 1105920K
  class space    used 5919K, committed 6336K, reserved 1048576K
}
Event: 392.948 GC heap before
{Heap before GC invocations=290 (full 136):
 PSYoungGen      total 45568K, used 34303K [0x00000000f5580000, 0x00000000f8f00000, 0x0000000100000000)
  eden space 34304K, 99% used [0x00000000f5580000,0x00000000f76ffff8,0x00000000f7700000)
  from space 11264K, 0% used [0x00000000f7700000,0x00000000f7700000,0x00000000f8200000)
  to   space 11264K, 0% used [0x00000000f8400000,0x00000000f8400000,0x00000000f8f00000)
 ParOldGen       total 349696K, used 349695K [0x00000000e0000000, 0x00000000f5580000, 0x00000000f5580000)
  object space 349696K, 99% used [0x00000000e0000000,0x00000000f557ff78,0x00000000f5580000)
 Metaspace       used 61900K, committed 63040K, reserved 1105920K
  class space    used 5920K, committed 6336K, reserved 1048576K
}
Event: 394.844 GC heap after
{Heap after GC invocations=290 (full 136):
 PSYoungGen      total 45568K, used 34303K [0x00000000f5580000, 0x00000000f8f00000, 0x0000000100000000)
  eden space 34304K, 99% used [0x00000000f5580000,0x00000000f76ffff8,0x00000000f7700000)
  from space 11264K, 0% used [0x00000000f8400000,0x00000000f8400000,0x00000000f8f00000)
  to   space 11264K, 0% used [0x00000000f7700000,0x00000000f7700000,0x00000000f8200000)
 ParOldGen       total 349696K, used 349695K [0x00000000e0000000, 0x00000000f5580000, 0x00000000f5580000)
  object space 349696K, 99% used [0x00000000e0000000,0x00000000f557ff78,0x00000000f5580000)
 Metaspace       used 61900K, committed 63040K, reserved 1105920K
  class space    used 5920K, committed 6336K, reserved 1048576K
}
Event: 394.845 GC heap before
{Heap before GC invocations=291 (full 137):
 PSYoungGen      total 45568K, used 34303K [0x00000000f5580000, 0x00000000f8f00000, 0x0000000100000000)
  eden space 34304K, 99% used [0x00000000f5580000,0x00000000f76ffff8,0x00000000f7700000)
  from space 11264K, 0% used [0x00000000f8400000,0x00000000f8400000,0x00000000f8f00000)
  to   space 11264K, 0% used [0x00000000f7700000,0x00000000f7700000,0x00000000f8200000)
 ParOldGen       total 349696K, used 349695K [0x00000000e0000000, 0x00000000f5580000, 0x00000000f5580000)
  object space 349696K, 99% used [0x00000000e0000000,0x00000000f557ffe8,0x00000000f5580000)
 Metaspace       used 61900K, committed 63040K, reserved 1105920K
  class space    used 5920K, committed 6336K, reserved 1048576K
}
Event: 396.592 GC heap after
{Heap after GC invocations=291 (full 137):
 PSYoungGen      total 45568K, used 34303K [0x00000000f5580000, 0x00000000f8f00000, 0x0000000100000000)
  eden space 34304K, 99% used [0x00000000f5580000,0x00000000f76ffff8,0x00000000f7700000)
  from space 11264K, 0% used [0x00000000f7700000,0x00000000f7700000,0x00000000f8200000)
  to   space 11264K, 0% used [0x00000000f8400000,0x00000000f8400000,0x00000000f8f00000)
 ParOldGen       total 349696K, used 349695K [0x00000000e0000000, 0x00000000f5580000, 0x00000000f5580000)
  object space 349696K, 99% used [0x00000000e0000000,0x00000000f557ffe8,0x00000000f5580000)
 Metaspace       used 61900K, committed 63040K, reserved 1105920K
  class space    used 5920K, committed 6336K, reserved 1048576K
}
Event: 396.592 GC heap before
{Heap before GC invocations=292 (full 138):
 PSYoungGen      total 45568K, used 34303K [0x00000000f5580000, 0x00000000f8f00000, 0x0000000100000000)
  eden space 34304K, 99% used [0x00000000f5580000,0x00000000f76ffff8,0x00000000f7700000)
  from space 11264K, 0% used [0x00000000f7700000,0x00000000f7700000,0x00000000f8200000)
  to   space 11264K, 0% used [0x00000000f8400000,0x00000000f8400000,0x00000000f8f00000)
 ParOldGen       total 349696K, used 349695K [0x00000000e0000000, 0x00000000f5580000, 0x00000000f5580000)
  object space 349696K, 99% used [0x00000000e0000000,0x00000000f557ffe8,0x00000000f5580000)
 Metaspace       used 61900K, committed 63040K, reserved 1105920K
  class space    used 5920K, committed 6336K, reserved 1048576K
}
Event: 398.475 GC heap after
{Heap after GC invocations=292 (full 138):
 PSYoungGen      total 45568K, used 34303K [0x00000000f5580000, 0x00000000f8f00000, 0x0000000100000000)
  eden space 34304K, 99% used [0x00000000f5580000,0x00000000f76ffff8,0x00000000f7700000)
  from space 11264K, 0% used [0x00000000f8400000,0x00000000f8400000,0x00000000f8f00000)
  to   space 11264K, 0% used [0x00000000f7700000,0x00000000f7700000,0x00000000f8200000)
 ParOldGen       total 349696K, used 349695K [0x00000000e0000000, 0x00000000f5580000, 0x00000000f5580000)
  object space 349696K, 99% used [0x00000000e0000000,0x00000000f557ffe8,0x00000000f5580000)
 Metaspace       used 61900K, committed 63040K, reserved 1105920K
  class space    used 5920K, committed 6336K, reserved 1048576K
}
Event: 398.481 GC heap before
{Heap before GC invocations=293 (full 139):
 PSYoungGen      total 45568K, used 34303K [0x00000000f5580000, 0x00000000f8f00000, 0x0000000100000000)
  eden space 34304K, 99% used [0x00000000f5580000,0x00000000f76ffff8,0x00000000f7700000)
  from space 11264K, 0% used [0x00000000f8400000,0x00000000f8400000,0x00000000f8f00000)
  to   space 11264K, 0% used [0x00000000f7700000,0x00000000f7700000,0x00000000f8200000)
 ParOldGen       total 349696K, used 349695K [0x00000000e0000000, 0x00000000f5580000, 0x00000000f5580000)
  object space 349696K, 99% used [0x00000000e0000000,0x00000000f557fff8,0x00000000f5580000)
 Metaspace       used 61900K, committed 63040K, reserved 1105920K
  class space    used 5920K, committed 6336K, reserved 1048576K
}
Event: 400.392 GC heap after
{Heap after GC invocations=293 (full 139):
 PSYoungGen      total 45568K, used 34303K [0x00000000f5580000, 0x00000000f8f00000, 0x0000000100000000)
  eden space 34304K, 99% used [0x00000000f5580000,0x00000000f76ffff8,0x00000000f7700000)
  from space 11264K, 0% used [0x00000000f7700000,0x00000000f7700000,0x00000000f8200000)
  to   space 11264K, 0% used [0x00000000f8400000,0x00000000f8400000,0x00000000f8f00000)
 ParOldGen       total 349696K, used 349694K [0x00000000e0000000, 0x00000000f5580000, 0x00000000f5580000)
  object space 349696K, 99% used [0x00000000e0000000,0x00000000f557f800,0x00000000f5580000)
 Metaspace       used 61900K, committed 63040K, reserved 1105920K
  class space    used 5920K, committed 6336K, reserved 1048576K
}
Event: 400.432 GC heap before
{Heap before GC invocations=294 (full 140):
 PSYoungGen      total 45568K, used 34303K [0x00000000f5580000, 0x00000000f8f00000, 0x0000000100000000)
  eden space 34304K, 99% used [0x00000000f5580000,0x00000000f76ffff8,0x00000000f7700000)
  from space 11264K, 0% used [0x00000000f7700000,0x00000000f7700000,0x00000000f8200000)
  to   space 11264K, 0% used [0x00000000f8400000,0x00000000f8400000,0x00000000f8f00000)
 ParOldGen       total 349696K, used 349694K [0x00000000e0000000, 0x00000000f5580000, 0x00000000f5580000)
  object space 349696K, 99% used [0x00000000e0000000,0x00000000f557fb28,0x00000000f5580000)
 Metaspace       used 61900K, committed 63040K, reserved 1105920K
  class space    used 5920K, committed 6336K, reserved 1048576K
}
Event: 402.286 GC heap after
{Heap after GC invocations=294 (full 140):
 PSYoungGen      total 45568K, used 34303K [0x00000000f5580000, 0x00000000f8f00000, 0x0000000100000000)
  eden space 34304K, 99% used [0x00000000f5580000,0x00000000f76ffff8,0x00000000f7700000)
  from space 11264K, 0% used [0x00000000f8400000,0x00000000f8400000,0x00000000f8f00000)
  to   space 11264K, 0% used [0x00000000f7700000,0x00000000f7700000,0x00000000f8200000)
 ParOldGen       total 349696K, used 349694K [0x00000000e0000000, 0x00000000f5580000, 0x00000000f5580000)
  object space 349696K, 99% used [0x00000000e0000000,0x00000000f557f818,0x00000000f5580000)
 Metaspace       used 61900K, committed 63040K, reserved 1105920K
  class space    used 5920K, committed 6336K, reserved 1048576K
}
Event: 402.286 GC heap before
{Heap before GC invocations=295 (full 141):
 PSYoungGen      total 45568K, used 34303K [0x00000000f5580000, 0x00000000f8f00000, 0x0000000100000000)
  eden space 34304K, 99% used [0x00000000f5580000,0x00000000f76ffff8,0x00000000f7700000)
  from space 11264K, 0% used [0x00000000f8400000,0x00000000f8400000,0x00000000f8f00000)
  to   space 11264K, 0% used [0x00000000f7700000,0x00000000f7700000,0x00000000f8200000)
 ParOldGen       total 349696K, used 349694K [0x00000000e0000000, 0x00000000f5580000, 0x00000000f5580000)
  object space 349696K, 99% used [0x00000000e0000000,0x00000000f557f818,0x00000000f5580000)
 Metaspace       used 61900K, committed 63040K, reserved 1105920K
  class space    used 5920K, committed 6336K, reserved 1048576K
}
Event: 404.254 GC heap after
{Heap after GC invocations=295 (full 141):
 PSYoungGen      total 45568K, used 34303K [0x00000000f5580000, 0x00000000f8f00000, 0x0000000100000000)
  eden space 34304K, 99% used [0x00000000f5580000,0x00000000f76ffff8,0x00000000f7700000)
  from space 11264K, 0% used [0x00000000f7700000,0x00000000f7700000,0x00000000f8200000)
  to   space 11264K, 0% used [0x00000000f8400000,0x00000000f8400000,0x00000000f8f00000)
 ParOldGen       total 349696K, used 349694K [0x00000000e0000000, 0x00000000f5580000, 0x00000000f5580000)
  object space 349696K, 99% used [0x00000000e0000000,0x00000000f557f818,0x00000000f5580000)
 Metaspace       used 61900K, committed 63040K, reserved 1105920K
  class space    used 5920K, committed 6336K, reserved 1048576K
}
Event: 404.254 GC heap before
{Heap before GC invocations=296 (full 142):
 PSYoungGen      total 45568K, used 34303K [0x00000000f5580000, 0x00000000f8f00000, 0x0000000100000000)
  eden space 34304K, 99% used [0x00000000f5580000,0x00000000f76ffff8,0x00000000f7700000)
  from space 11264K, 0% used [0x00000000f7700000,0x00000000f7700000,0x00000000f8200000)
  to   space 11264K, 0% used [0x00000000f8400000,0x00000000f8400000,0x00000000f8f00000)
 ParOldGen       total 349696K, used 349694K [0x00000000e0000000, 0x00000000f5580000, 0x00000000f5580000)
  object space 349696K, 99% used [0x00000000e0000000,0x00000000f557f838,0x00000000f5580000)
 Metaspace       used 61900K, committed 63040K, reserved 1105920K
  class space    used 5920K, committed 6336K, reserved 1048576K
}
Event: 406.278 GC heap after
{Heap after GC invocations=296 (full 142):
 PSYoungGen      total 45568K, used 34303K [0x00000000f5580000, 0x00000000f8f00000, 0x0000000100000000)
  eden space 34304K, 99% used [0x00000000f5580000,0x00000000f76fffd8,0x00000000f7700000)
  from space 11264K, 0% used [0x00000000f8400000,0x00000000f8400000,0x00000000f8f00000)
  to   space 11264K, 0% used [0x00000000f7700000,0x00000000f7700000,0x00000000f8200000)
 ParOldGen       total 349696K, used 349694K [0x00000000e0000000, 0x00000000f5580000, 0x00000000f5580000)
  object space 349696K, 99% used [0x00000000e0000000,0x00000000f557f818,0x00000000f5580000)
 Metaspace       used 61900K, committed 63040K, reserved 1105920K
  class space    used 5920K, committed 6336K, reserved 1048576K
}
Event: 406.278 GC heap before
{Heap before GC invocations=297 (full 143):
 PSYoungGen      total 45568K, used 34303K [0x00000000f5580000, 0x00000000f8f00000, 0x0000000100000000)
  eden space 34304K, 99% used [0x00000000f5580000,0x00000000f76fffd8,0x00000000f7700000)
  from space 11264K, 0% used [0x00000000f8400000,0x00000000f8400000,0x00000000f8f00000)
  to   space 11264K, 0% used [0x00000000f7700000,0x00000000f7700000,0x00000000f8200000)
 ParOldGen       total 349696K, used 349694K [0x00000000e0000000, 0x00000000f5580000, 0x00000000f5580000)
  object space 349696K, 99% used [0x00000000e0000000,0x00000000f557f818,0x00000000f5580000)
 Metaspace       used 61900K, committed 63040K, reserved 1105920K
  class space    used 5920K, committed 6336K, reserved 1048576K
}
Event: 408.352 GC heap after
{Heap after GC invocations=297 (full 143):
 PSYoungGen      total 45568K, used 34303K [0x00000000f5580000, 0x00000000f8f00000, 0x0000000100000000)
  eden space 34304K, 99% used [0x00000000f5580000,0x00000000f76fffd8,0x00000000f7700000)
  from space 11264K, 0% used [0x00000000f7700000,0x00000000f7700000,0x00000000f8200000)
  to   space 11264K, 0% used [0x00000000f8400000,0x00000000f8400000,0x00000000f8f00000)
 ParOldGen       total 349696K, used 349694K [0x00000000e0000000, 0x00000000f5580000, 0x00000000f5580000)
  object space 349696K, 99% used [0x00000000e0000000,0x00000000f557f818,0x00000000f5580000)
 Metaspace       used 61900K, committed 63040K, reserved 1105920K
  class space    used 5920K, committed 6336K, reserved 1048576K
}

Dll operation events (9 events):
Event: 0.003 Loaded shared library /nix/store/gpxl5qgg8kicmcvivwmybwjlpf7wh20l-graalvm17-ce-22.3.0/lib/libjava.so
Event: 0.043 Loaded shared library /nix/store/gpxl5qgg8kicmcvivwmybwjlpf7wh20l-graalvm17-ce-22.3.0/lib/libjsvml.so
Event: 0.396 Loaded shared library /nix/store/gpxl5qgg8kicmcvivwmybwjlpf7wh20l-graalvm17-ce-22.3.0/lib/libnio.so
Event: 0.442 Loaded shared library /nix/store/gpxl5qgg8kicmcvivwmybwjlpf7wh20l-graalvm17-ce-22.3.0/lib/libzip.so
Event: 0.447 Loaded shared library /nix/store/gpxl5qgg8kicmcvivwmybwjlpf7wh20l-graalvm17-ce-22.3.0/lib/libjvmcicompiler.so
Event: 0.956 Loaded shared library /nix/store/gpxl5qgg8kicmcvivwmybwjlpf7wh20l-graalvm17-ce-22.3.0/lib/libjimage.so
Event: 3.336 Loaded shared library /nix/store/gpxl5qgg8kicmcvivwmybwjlpf7wh20l-graalvm17-ce-22.3.0/lib/libnet.so
Event: 5.245 Loaded shared library /home/runner/UltimaTentativa/.cache/jdt-language-server/config/org.eclipse.equinox.launcher/org.eclipse.equinox.launcher.gtk.linux.x86_64_1.2.400.v20211117-0650/eclipse_11600.so
Event: 16.633 Loaded shared library /nix/store/gpxl5qgg8kicmcvivwmybwjlpf7wh20l-graalvm17-ce-22.3.0/lib/libextnet.so

Deoptimization events (20 events):
Event: 124.150 Thread 0x00007f35b8613e10 DEOPT PACKING pc=0x00007f360c507b5d sp=0x00007f35d17fe530
Event: 124.150 Thread 0x00007f35b8613e10 DEOPT UNPACKING pc=0x00007f360b505325 sp=0x00007f35d17fda20 mode 0
Event: 124.152 Thread 0x00007f35b8613e10 DEOPT PACKING pc=0x00007f360c507b5d sp=0x00007f35d17fe530
Event: 124.152 Thread 0x00007f35b8613e10 DEOPT UNPACKING pc=0x00007f360b505325 sp=0x00007f35d17fda20 mode 0
Event: 124.153 Thread 0x00007f35b8613e10 DEOPT PACKING pc=0x00007f360c507b5d sp=0x00007f35d17fe530
Event: 124.153 Thread 0x00007f35b8613e10 DEOPT UNPACKING pc=0x00007f360b505325 sp=0x00007f35d17fda20 mode 0
Event: 124.155 Thread 0x00007f35b8613e10 DEOPT PACKING pc=0x00007f360c507aec sp=0x00007f35d17fe530
Event: 124.155 Thread 0x00007f35b8613e10 DEOPT UNPACKING pc=0x00007f360b505325 sp=0x00007f35d17fda20 mode 0
Event: 390.940 Thread 0x00007f359412a470 DEOPT PACKING pc=0x00007f36131ef3b4 sp=0x00007f35d0dfe0f0
Event: 390.940 Thread 0x00007f359412a470 DEOPT UNPACKING pc=0x00007f360b505325 sp=0x00007f35d0dfd510 mode 1
Event: 392.947 Thread 0x00007f3594093d20 DEOPT PACKING pc=0x00007f36131dd5d0 sp=0x00007f35d05fe150
Event: 392.947 Thread 0x00007f3594093d20 DEOPT UNPACKING pc=0x00007f360b505325 sp=0x00007f35d05fd5d8 mode 1
Event: 398.476 Thread 0x00007f35a80010d0 DEOPT PACKING pc=0x00007f3613170814 sp=0x00007f35d1bfddb0
Event: 398.476 Thread 0x00007f35a80010d0 DEOPT UNPACKING pc=0x00007f360b505325 sp=0x00007f35d1bfd230 mode 1
Event: 398.476 Thread 0x00007f35a80010d0 DEOPT PACKING pc=0x00007f361316cc24 sp=0x00007f35d1bfde70
Event: 398.476 Thread 0x00007f35a80010d0 DEOPT UNPACKING pc=0x00007f360b505325 sp=0x00007f35d1bfd308 mode 1
Event: 404.254 Thread 0x00007f36240b1cb0 Uncommon trap: trap_request=0xffffff8f fr.pc=0x00007f36131d769b relative=0x000000000000017b
Event: 404.254 Thread 0x00007f36240b1cb0 Uncommon trap: reason=constraint action=none pc=0x00007f36131d769b method=java.io.ByteArrayOutputStream.<init>(I)V @ 0 jvmci
Event: 404.254 Thread 0x00007f36240b1cb0 DEOPT PACKING pc=0x00007f36131d769b sp=0x00007f360a718020
Event: 404.254 Thread 0x00007f36240b1cb0 DEOPT UNPACKING pc=0x00007f360b505325 sp=0x00007f360a7174c8 mode 3

Classes unloaded (20 events):
Event: 164.031 Thread 0x00007f36240a16b0 Unloading class 0x0000000801100800 'jdk/internal/reflect/GeneratedMethodAccessor16'
Event: 164.031 Thread 0x00007f36240a16b0 Unloading class 0x0000000801100400 'jdk/internal/reflect/GeneratedMethodAccessor15'
Event: 164.031 Thread 0x00007f36240a16b0 Unloading class 0x0000000801100000 'jdk/internal/reflect/GeneratedMethodAccessor14'
Event: 164.031 Thread 0x00007f36240a16b0 Unloading class 0x00000008010c4000 'jdk/internal/reflect/GeneratedMethodAccessor13'
Event: 164.031 Thread 0x00007f36240a16b0 Unloading class 0x00000008010b9c00 'jdk/internal/reflect/GeneratedMethodAccessor12'
Event: 164.031 Thread 0x00007f36240a16b0 Unloading class 0x00000008010b1800 'jdk/internal/reflect/GeneratedMethodAccessor11'
Event: 164.031 Thread 0x00007f36240a16b0 Unloading class 0x00000008010b1400 'jdk/internal/reflect/GeneratedMethodAccessor10'
Event: 164.031 Thread 0x00007f36240a16b0 Unloading class 0x00000008010b1000 'jdk/internal/reflect/GeneratedMethodAccessor9'
Event: 164.031 Thread 0x00007f36240a16b0 Unloading class 0x00000008010b0400 'jdk/internal/reflect/GeneratedMethodAccessor8'
Event: 164.031 Thread 0x00007f36240a16b0 Unloading class 0x00000008010b0000 'jdk/internal/reflect/GeneratedMethodAccessor7'
Event: 164.031 Thread 0x00007f36240a16b0 Unloading class 0x00000008010a0000 'jdk/internal/reflect/GeneratedConstructorAccessor29'
Event: 164.031 Thread 0x00007f36240a16b0 Unloading class 0x000000080107c800 'jdk/internal/reflect/GeneratedSerializationConstructorAccessor5'
Event: 164.031 Thread 0x00007f36240a16b0 Unloading class 0x000000080107c000 'jdk/internal/reflect/GeneratedSerializationConstructorAccessor4'
Event: 164.031 Thread 0x00007f36240a16b0 Unloading class 0x0000000800ef1000 'jdk/internal/reflect/GeneratedConstructorAccessor12'
Event: 164.031 Thread 0x00007f36240a16b0 Unloading class 0x0000000800ef0800 'jdk/internal/reflect/GeneratedConstructorAccessor10'
Event: 164.031 Thread 0x00007f36240a16b0 Unloading class 0x0000000800ef0400 'jdk/internal/reflect/GeneratedConstructorAccessor9'
Event: 164.031 Thread 0x00007f36240a16b0 Unloading class 0x0000000800ef0000 'jdk/internal/reflect/GeneratedConstructorAccessor8'
Event: 164.031 Thread 0x00007f36240a16b0 Unloading class 0x0000000800dbcc00 'jdk/internal/reflect/GeneratedSerializationConstructorAccessor3'
Event: 164.031 Thread 0x00007f36240a16b0 Unloading class 0x0000000800dbc800 'jdk/internal/reflect/GeneratedSerializationConstructorAccessor2'
Event: 164.031 Thread 0x00007f36240a16b0 Unloading class 0x0000000800dbc400 'jdk/internal/reflect/GeneratedSerializationConstructorAccessor1'

Classes redefined (0 events):
No events

Internal exceptions (20 events):
Event: 70.633 Thread 0x00007f35b8613e10 Exception <a 'java/lang/NoSuchMethodError'{0x00000000f566b610}: 'int java.lang.invoke.DirectMethodHandle$Holder.invokeVirtual(java.lang.Object, java.lang.Object)'> (0x00000000f566b610) 
thrown [src/hotspot/share/interpreter/linkResolver.cpp, line 758]
Event: 70.867 Thread 0x00007f36243fe760 Exception <a 'sun/nio/fs/UnixException'{0x00000000f59037f0}> (0x00000000f59037f0) 
thrown [src/hotspot/share/prims/jni.cpp, line 516]
Event: 70.932 Thread 0x00007f36243fe760 Exception <a 'sun/nio/fs/UnixException'{0x00000000f5947140}> (0x00000000f5947140) 
thrown [src/hotspot/share/prims/jni.cpp, line 516]
Event: 71.141 Thread 0x00007f35b8613e10 Implicit null exception at 0x00007f36130a36e9 to 0x00007f36130a389b
Event: 71.145 Thread 0x00007f35b8613e10 Exception <a 'java/lang/NoSuchMethodError'{0x00000000f58b57e8}: 'int java.lang.invoke.DirectMethodHandle$Holder.invokeVirtual(java.lang.Object, java.lang.Object, java.lang.Object)'> (0x00000000f58b57e8) 
thrown [src/hotspot/share/interpreter/linkResolver.cpp, line 758]
Event: 72.351 Thread 0x00007f35b00ff730 Implicit null exception at 0x00007f3613232922 to 0x00007f3613232cac
Event: 72.666 Thread 0x00007f35b00ff730 Exception <a 'java/lang/NoSuchMethodError'{0x00000000f5af8110}: 'int java.lang.invoke.DirectMethodHandle$Holder.invokeStatic(java.lang.Object, java.lang.Object, java.lang.Object, int)'> (0x00000000f5af8110) 
thrown [src/hotspot/share/interpreter/linkResolver.cpp, line 758]
Event: 72.666 Thread 0x00007f35b00fffb0 Exception <a 'java/lang/NoSuchMethodError'{0x00000000f5af5078}: 'int java.lang.invoke.DirectMethodHandle$Holder.invokeStatic(java.lang.Object, java.lang.Object, java.lang.Object, int)'> (0x00000000f5af5078) 
thrown [src/hotspot/share/interpreter/linkResolver.cpp, line 758]
Event: 73.449 Thread 0x00007f35b8613e10 Exception <a 'sun/nio/fs/UnixException'{0x00000000f5580930}> (0x00000000f5580930) 
thrown [src/hotspot/share/prims/jni.cpp, line 516]
Event: 74.548 Thread 0x00007f35b00ff730 Implicit null exception at 0x00007f361318b315 to 0x00007f361318bf5f
Event: 75.947 Thread 0x00007f35b00fffb0 Exception <a 'java/lang/NoSuchMethodError'{0x00000000f56c1a98}: 'void java.lang.invoke.DirectMethodHandle$Holder.invokeSpecial(java.lang.Object, java.lang.Object, int)'> (0x00000000f56c1a98) 
thrown [src/hotspot/share/interpreter/linkResolver.cpp, line 758]
Event: 78.231 Thread 0x00007f35b00ff730 Exception <a 'java/lang/NoSuchMethodError'{0x00000000f581a988}: 'int java.lang.invoke.DirectMethodHandle$Holder.invokeSpecialIFC(java.lang.Object, java.lang.Object, java.lang.Object, java.lang.Object)'> (0x00000000f581a988) 
thrown [src/hotspot/share/interpreter/linkResolver.cpp, line 758]
Event: 78.751 Thread 0x00007f35b8613e10 Implicit null exception at 0x00007f3613006fb0 to 0x00007f3613007057
Event: 101.253 Thread 0x00007f35b8613e10 Implicit null exception at 0x00007f36132dc029 to 0x00007f36132dc482
Event: 378.359 Thread 0x00007f3594094f60 Exception <a 'java/lang/OutOfMemoryError'{0x00000000e00d0750}> (0x00000000e00d0750) 
thrown [src/hotspot/share/gc/shared/memAllocator.cpp, line 136]
Event: 390.940 Thread 0x00007f359412a470 Exception <a 'java/lang/OutOfMemoryError'{0x00000000e00d0750}> (0x00000000e00d0750) 
thrown [src/hotspot/share/gc/shared/memAllocator.cpp, line 136]
Event: 398.476 Thread 0x00007f35a80010d0 Exception <a 'java/lang/OutOfMemoryError'{0x00000000e00d0d40}> (0x00000000e00d0d40) 
thrown [src/hotspot/share/gc/shared/memAllocator.cpp, line 136]
Event: 404.254 Thread 0x00007f36240b1cb0 Exception <a 'java/lang/OutOfMemoryError'{0x00000000e00d0a20}> (0x00000000e00d0a20) 
thrown [src/hotspot/share/gc/shared/memAllocator.cpp, line 138]
Event: 404.254 Thread 0x00007f36240b1cb0 Implicit null exception at 0x00007f36131d7651 to 0x00007f36131d7680
Event: 408.352 Thread 0x00007f36240b1cb0 Exception <a 'java/lang/OutOfMemoryError'{0x00000000e00d0d40}> (0x00000000e00d0d40) 
thrown [src/hotspot/share/gc/shared/memAllocator.cpp, line 136]

VM Operations (20 events):
Event: 380.469 Executing VM operation: ParallelGCFailedAllocation
Event: 382.674 Executing VM operation: ParallelGCFailedAllocation done
Event: 382.675 Executing VM operation: ParallelGCFailedAllocation
Event: 384.910 Executing VM operation: ParallelGCFailedAllocation done
Event: 384.910 Executing VM operation: ParallelGCFailedAllocation
Event: 386.878 Executing VM operation: ParallelGCFailedAllocation done
Event: 386.878 Executing VM operation: ParallelGCFailedAllocation
Event: 390.940 Executing VM operation: ParallelGCFailedAllocation done
Event: 390.941 Executing VM operation: ParallelGCFailedAllocation
Event: 392.947 Executing VM operation: ParallelGCFailedAllocation done
Event: 392.947 Executing VM operation: ParallelGCFailedAllocation
Event: 394.844 Executing VM operation: ParallelGCFailedAllocation done
Event: 394.844 Executing VM operation: ParallelGCFailedAllocation
Event: 398.476 Executing VM operation: ParallelGCFailedAllocation done
Event: 398.476 Executing VM operation: ParallelGCFailedAllocation
Event: 400.392 Executing VM operation: ParallelGCFailedAllocation done
Event: 400.432 Executing VM operation: ParallelGCFailedAllocation
Event: 404.254 Executing VM operation: ParallelGCFailedAllocation done
Event: 404.254 Executing VM operation: ParallelGCFailedAllocation
Event: 408.352 Executing VM operation: ParallelGCFailedAllocation done

Events (20 events):
Event: 165.564 Thread 0x00007f36240b4610 flushing nmethod 0x00007f360ce04e10
Event: 165.564 Thread 0x00007f36240b4610 flushing nmethod 0x00007f360ce05290
Event: 165.564 Thread 0x00007f36240b4610 flushing nmethod 0x00007f360ce05990
Event: 165.564 Thread 0x00007f36240b4610 flushing nmethod 0x00007f360ce06b10
Event: 165.564 Thread 0x00007f36240b4610 flushing nmethod 0x00007f360ce06e90
Event: 165.564 Thread 0x00007f36240b4610 flushing nmethod 0x00007f360ce07390
Event: 165.564 Thread 0x00007f36240b4610 flushing nmethod 0x00007f360ce07e10
Event: 165.564 Thread 0x00007f36240b4610 flushing nmethod 0x00007f360ce08890
Event: 165.564 Thread 0x00007f36240b4610 flushing nmethod 0x00007f360ce08c10
Event: 165.564 Thread 0x00007f36240b4610 flushing nmethod 0x00007f360ce34190
Event: 165.564 Thread 0x00007f36240b4610 flushing nmethod 0x00007f360ce34690
Event: 165.564 Thread 0x00007f36240b4610 flushing nmethod 0x00007f360ce37090
Event: 205.797 Thread 0x00007f35a8008140 Thread exited: 0x00007f35a8008140
Event: 315.356 Thread 0x00007f35ac2ef010 Thread added: 0x00007f35ac2ef010
Event: 315.356 Protecting memory [0x00007f35d1900000,0x00007f35d1904000] with protection modes 0
Event: 390.940 loading class java/lang/AssertionError
Event: 390.941 loading class java/lang/AssertionError done
Event: 390.941 Thread 0x00007f3578005520 Thread added: 0x00007f3578005520
Event: 390.941 Protecting memory [0x00007f3608000000,0x00007f3608004000] with protection modes 0
Event: 392.947 loading class java/io/InterruptedIOException


Dynamic libraries:
e0000000-f2c80000 rw-p 00000000 00:00 0 
f2c80000-f8f00000 rw-p 00000000 00:00 0 
f8f00000-100000000 ---p 00000000 00:00 0 
800000000-800449000 rw-p 00001000 00:642 707969865                       /nix/store/gpxl5qgg8kicmcvivwmybwjlpf7wh20l-graalvm17-ce-22.3.0/lib/server/classes.jsa
800449000-800bc8000 r--p 0044a000 00:642 707969865                       /nix/store/gpxl5qgg8kicmcvivwmybwjlpf7wh20l-graalvm17-ce-22.3.0/lib/server/classes.jsa
800bc8000-800c00000 ---p 00000000 00:00 0 
800c00000-800c10000 rw-p 00000000 00:00 0 
800c10000-800c30000 rw-p 00000000 00:00 0 
800c30000-800cb0000 rw-p 00000000 00:00 0 
800cb0000-800cf0000 rw-p 00000000 00:00 0 
800cf0000-800db0000 rw-p 00000000 00:00 0 
800db0000-800df0000 rw-p 00000000 00:00 0 
800df0000-800f30000 rw-p 00000000 00:00 0 
800f30000-800fb0000 rw-p 00000000 00:00 0 
800fb0000-800ff0000 rw-p 00000000 00:00 0 
800ff0000-801000000 ---p 00000000 00:00 0 
801000000-801240000 rw-p 00000000 00:00 0 
801240000-840c00000 ---p 00000000 00:00 0 
55c122784000-55c122785000 r-xp 00000000 00:642 672029940                 /nix/store/gpxl5qgg8kicmcvivwmybwjlpf7wh20l-graalvm17-ce-22.3.0/bin/.java-wrapped
55c122786000-55c122787000 r--p 00001000 00:642 672029940                 /nix/store/gpxl5qgg8kicmcvivwmybwjlpf7wh20l-graalvm17-ce-22.3.0/bin/.java-wrapped
55c122787000-55c122788000 rw-p 00002000 00:642 672029940                 /nix/store/gpxl5qgg8kicmcvivwmybwjlpf7wh20l-graalvm17-ce-22.3.0/bin/.java-wrapped
55c122788000-55c122789000 rw-p 00004000 00:642 672029940                 /nix/store/gpxl5qgg8kicmcvivwmybwjlpf7wh20l-graalvm17-ce-22.3.0/bin/.java-wrapped
55c122789000-55c12278a000 rw-p 00005000 00:642 672029940                 /nix/store/gpxl5qgg8kicmcvivwmybwjlpf7wh20l-graalvm17-ce-22.3.0/bin/.java-wrapped
55c122ba6000-55c122bee000 rw-p 00000000 00:00 0                          [heap]
7f3548000000-7f3548021000 rw-p 00000000 00:00 0 
7f3548021000-7f354c000000 ---p 00000000 00:00 0 
7f3550000000-7f3550021000 rw-p 00000000 00:00 0 
7f3550021000-7f3554000000 ---p 00000000 00:00 0 
7f3554000000-7f3554112000 rw-p 00000000 00:00 0 
7f3554112000-7f3558000000 ---p 00000000 00:00 0 
7f3558000000-7f355810c000 rw-p 00000000 00:00 0 
7f355810c000-7f355c000000 ---p 00000000 00:00 0 
7f355c000000-7f355c021000 rw-p 00000000 00:00 0 
7f355c021000-7f3560000000 ---p 00000000 00:00 0 
7f3560000000-7f3560021000 rw-p 00000000 00:00 0 
7f3560021000-7f3564000000 ---p 00000000 00:00 0 
7f3564000000-7f3564021000 rw-p 00000000 00:00 0 
7f3564021000-7f3568000000 ---p 00000000 00:00 0 
7f3568000000-7f3568021000 rw-p 00000000 00:00 0 
7f3568021000-7f356c000000 ---p 00000000 00:00 0 
7f356c000000-7f356c021000 rw-p 00000000 00:00 0 
7f356c021000-7f3570000000 ---p 00000000 00:00 0 
7f3570000000-7f3570021000 rw-p 00000000 00:00 0 
7f3570021000-7f3574000000 ---p 00000000 00:00 0 
7f3574000000-7f3574021000 rw-p 00000000 00:00 0 
7f3574021000-7f3578000000 ---p 00000000 00:00 0 
7f3578000000-7f3578021000 rw-p 00000000 00:00 0 
7f3578021000-7f357c000000 ---p 00000000 00:00 0 
7f357e4b3000-7f3588000000 r--s 00000000 00:642 707804677                 /nix/store/gpxl5qgg8kicmcvivwmybwjlpf7wh20l-graalvm17-ce-22.3.0/lib/modules
7f3588000000-7f3588021000 rw-p 00000000 00:00 0 
7f3588021000-7f358c000000 ---p 00000000 00:00 0 
7f358d800000-7f358dfd0000 rw-p 00000000 00:00 0 
7f358dfd0000-7f358e000000 ---p 00000000 00:00 0 
7f358ec00000-7f358eef0000 rw-p 00000000 00:00 0 
7f358eef0000-7f358ef90000 rw-p 00000000 00:00 0 
7f358ef90000-7f358f000000 ---p 00000000 00:00 0 
7f358f000000-7f358f3f0000 rw-p 00000000 00:00 0 
7f358f3f0000-7f358f400000 rw-p 00000000 00:00 0 
7f358f800000-7f358faf0000 rw-p 00000000 00:00 0 
7f358faf0000-7f358fbf0000 rw-p 00000000 00:00 0 
7f358fbf0000-7f358ff70000 rw-p 00000000 00:00 0 
7f358ff70000-7f3590000000 rw-p 00000000 00:00 0 
7f3590000000-7f3590021000 rw-p 00000000 00:00 0 
7f3590021000-7f3594000000 ---p 00000000 00:00 0 
7f3594000000-7f35946df000 rw-p 00000000 00:00 0 
7f35946df000-7f3598000000 ---p 00000000 00:00 0 
7f3598000000-7f3598021000 rw-p 00000000 00:00 0 
7f3598021000-7f359c000000 ---p 00000000 00:00 0 
7f359c000000-7f359c021000 rw-p 00000000 00:00 0 
7f359c021000-7f35a0000000 ---p 00000000 00:00 0 
7f35a0000000-7f35a0042000 rw-p 00000000 00:00 0 
7f35a0042000-7f35a4000000 ---p 00000000 00:00 0 
7f35a4000000-7f35a4397000 rw-p 00000000 00:00 0 
7f35a4397000-7f35a8000000 ---p 00000000 00:00 0 
7f35a8000000-7f35a8181000 rw-p 00000000 00:00 0 
7f35a8181000-7f35ac000000 ---p 00000000 00:00 0 
7f35ac000000-7f35ac300000 rw-p 00000000 00:00 0 
7f35ac300000-7f35b0000000 ---p 00000000 00:00 0 
7f35b0000000-7f35b0121000 rw-p 00000000 00:00 0 
7f35b0121000-7f35b4000000 ---p 00000000 00:00 0 
7f35b4000000-7f35b4021000 rw-p 00000000 00:00 0 
7f35b4021000-7f35b8000000 ---p 00000000 00:00 0 
7f35b8000000-7f35b8895000 rw-p 00000000 00:00 0 
7f35b8895000-7f35bc000000 ---p 00000000 00:00 0 
7f35bc000000-7f35bc021000 rw-p 00000000 00:00 0 
7f35bc021000-7f35c0000000 ---p 00000000 00:00 0 
7f35c0000000-7f35c0021000 rw-p 00000000 00:00 0 
7f35c0021000-7f35c4000000 ---p 00000000 00:00 0 
7f35c4000000-7f35c4021000 rw-p 00000000 00:00 0 
7f35c4021000-7f35c8000000 ---p 00000000 00:00 0 
7f35c8000000-7f35c8021000 rw-p 00000000 00:00 0 
7f35c8021000-7f35cc000000 ---p 00000000 00:00 0 
7f35cc400000-7f35cc470000 rw-p 00000000 00:00 0 
7f35cc470000-7f35cc4f0000 rw-p 00000000 00:00 0 
7f35cc4f0000-7f35cc6f0000 rw-p 00000000 00:00 0 
7f35cc6f0000-7f35cc7f0000 rw-p 00000000 00:00 0 
7f35cc7f0000-7f35cc8f0000 rw-p 00000000 00:00 0 
7f35cc8f0000-7f35cc9f0000 rw-p 00000000 00:00 0 
7f35cc9f0000-7f35ccbf0000 rw-p 00000000 00:00 0 
7f35ccbf0000-7f35cccf0000 rw-p 00000000 00:00 0 
7f35cccf0000-7f35ccdf0000 rw-p 00000000 00:00 0 
7f35ccdf0000-7f35cd400000 rw-p 00000000 00:00 0 
7f35cd600000-7f35cd700000 ---p 00000000 00:00 0 
7f35cd700000-7f35cdcaf000 r--p 01122000 00:642 707802136                 /nix/store/gpxl5qgg8kicmcvivwmybwjlpf7wh20l-graalvm17-ce-22.3.0/lib/libjvmcicompiler.so
7f35cdcaf000-7f35cde00000 r--p 00000000 00:00 0 
7f35cde00000-7f35cde3d000 rw-p 00000000 00:00 0 
7f35cde3d000-7f35ce35d000 rw-p 0185f000 00:642 707802136                 /nix/store/gpxl5qgg8kicmcvivwmybwjlpf7wh20l-graalvm17-ce-22.3.0/lib/libjvmcicompiler.so
7f35ce35d000-7f35ce744000 r--p 01d7f000 00:642 707802136                 /nix/store/gpxl5qgg8kicmcvivwmybwjlpf7wh20l-graalvm17-ce-22.3.0/lib/libjvmcicompiler.so
7f35ce800000-7f35ce8f0000 rw-p 00000000 00:00 0 
7f35ce8f0000-7f35ce9f0000 rw-p 00000000 00:00 0 
7f35ce9f0000-7f35cef50000 rw-p 00000000 00:00 0 
7f35cef50000-7f35cef70000 rw-p 00000000 00:00 0 
7f35cef70000-7f35cf000000 rw-p 00000000 00:00 0 
7f35cf000000-7f35cf010000 r-xp 00000000 00:4cb 310                       /home/runner/UltimaTentativa/.cache/jdt-language-server/config/org.eclipse.equinox.launcher/org.eclipse.equinox.launcher.gtk.linux.x86_64_1.2.400.v20211117-0650/eclipse_11600.so
7f35cf010000-7f35cf20f000 ---p 00010000 00:4cb 310                       /home/runner/UltimaTentativa/.cache/jdt-language-server/config/org.eclipse.equinox.launcher/org.eclipse.equinox.launcher.gtk.linux.x86_64_1.2.400.v20211117-0650/eclipse_11600.so
7f35cf20f000-7f35cf210000 r--p 0000f000 00:4cb 310                       /home/runner/UltimaTentativa/.cache/jdt-language-server/config/org.eclipse.equinox.launcher/org.eclipse.equinox.launcher.gtk.linux.x86_64_1.2.400.v20211117-0650/eclipse_11600.so
7f35cf210000-7f35cf211000 rw-p 00010000 00:4cb 310                       /home/runner/UltimaTentativa/.cache/jdt-language-server/config/org.eclipse.equinox.launcher/org.eclipse.equinox.launcher.gtk.linux.x86_64_1.2.400.v20211117-0650/eclipse_11600.so
7f35cf289000-7f35cf400000 rw-p 00000000 00:00 0 
7f35cfd00000-7f35cfd04000 ---p 00000000 00:00 0 
7f35cfd04000-7f35cfe00000 rw-p 00000000 00:00 0 
7f35cfe00000-7f35cfe04000 ---p 00000000 00:00 0 
7f35cfe04000-7f35cff00000 rw-p 00000000 00:00 0 
7f35cff00000-7f35cff04000 ---p 00000000 00:00 0 
7f35cff04000-7f35d0000000 rw-p 00000000 00:00 0 
7f35d0100000-7f35d0104000 ---p 00000000 00:00 0 
7f35d0104000-7f35d0200000 rw-p 00000000 00:00 0 
7f35d0200000-7f35d0204000 ---p 00000000 00:00 0 
7f35d0204000-7f35d0300000 rw-p 00000000 00:00 0 
7f35d0300000-7f35d0304000 ---p 00000000 00:00 0 
7f35d0304000-7f35d0400000 rw-p 00000000 00:00 0 
7f35d0500000-7f35d0504000 ---p 00000000 00:00 0 
7f35d0504000-7f35d0600000 rw-p 00000000 00:00 0 
7f35d0700000-7f35d0704000 ---p 00000000 00:00 0 
7f35d0704000-7f35d0800000 rw-p 00000000 00:00 0 
7f35d0900000-7f35d0904000 ---p 00000000 00:00 0 
7f35d0904000-7f35d0a00000 rw-p 00000000 00:00 0 
7f35d0b00000-7f35d0b04000 ---p 00000000 00:00 0 
7f35d0b04000-7f35d0c00000 rw-p 00000000 00:00 0 
7f35d0d00000-7f35d0d04000 ---p 00000000 00:00 0 
7f35d0d04000-7f35d0e00000 rw-p 00000000 00:00 0 
7f35d0f00000-7f35d0f04000 ---p 00000000 00:00 0 
7f35d0f04000-7f35d1000000 rw-p 00000000 00:00 0 
7f35d1100000-7f35d1104000 ---p 00000000 00:00 0 
7f35d1104000-7f35d1200000 rw-p 00000000 00:00 0 
7f35d1300000-7f35d1304000 ---p 00000000 00:00 0 
7f35d1304000-7f35d1400000 rw-p 00000000 00:00 0 
7f35d1500000-7f35d1504000 ---p 00000000 00:00 0 
7f35d1504000-7f35d1600000 rw-p 00000000 00:00 0 
7f35d1700000-7f35d1704000 ---p 00000000 00:00 0 
7f35d1704000-7f35d1800000 rw-p 00000000 00:00 0 
7f35d1900000-7f35d1904000 ---p 00000000 00:00 0 
7f35d1904000-7f35d1a00000 rw-p 00000000 00:00 0 
7f35d1b00000-7f35d1b04000 ---p 00000000 00:00 0 
7f35d1b04000-7f35d1c00000 rw-p 00000000 00:00 0 
7f35d1c00000-7f35d3d6a000 r-xp 00000000 00:642 707802136                 /nix/store/gpxl5qgg8kicmcvivwmybwjlpf7wh20l-graalvm17-ce-22.3.0/lib/libjvmcicompiler.so
7f35d3d6a000-7f35d3f69000 ---p 0216a000 00:642 707802136                 /nix/store/gpxl5qgg8kicmcvivwmybwjlpf7wh20l-graalvm17-ce-22.3.0/lib/libjvmcicompiler.so
7f35d3f69000-7f35d3f6a000 r--p 02169000 00:642 707802136                 /nix/store/gpxl5qgg8kicmcvivwmybwjlpf7wh20l-graalvm17-ce-22.3.0/lib/libjvmcicompiler.so
7f35d3f6a000-7f35d3f6c000 rw-p 0216a000 00:642 707802136                 /nix/store/gpxl5qgg8kicmcvivwmybwjlpf7wh20l-graalvm17-ce-22.3.0/lib/libjvmcicompiler.so
7f35d3f6c000-7f35d3f6d000 rw-p 00000000 00:00 0 
7f35d3f6d000-7f35d3f72000 rw-p 023c3000 00:642 707802136                 /nix/store/gpxl5qgg8kicmcvivwmybwjlpf7wh20l-graalvm17-ce-22.3.0/lib/libjvmcicompiler.so
7f35d4000000-7f35d4021000 rw-p 00000000 00:00 0 
7f35d4021000-7f35d8000000 ---p 00000000 00:00 0 
7f35d8000000-7f35d8021000 rw-p 00000000 00:00 0 
7f35d8021000-7f35dc000000 ---p 00000000 00:00 0 
7f35dc000000-7f35dc021000 rw-p 00000000 00:00 0 
7f35dc021000-7f35e0000000 ---p 00000000 00:00 0 
7f35e0000000-7f35e0021000 rw-p 00000000 00:00 0 
7f35e0021000-7f35e4000000 ---p 00000000 00:00 0 
7f35e4000000-7f35e40f8000 rw-p 00000000 00:00 0 
7f35e40f8000-7f35e8000000 ---p 00000000 00:00 0 
7f35e8000000-7f35e8c1e000 rw-p 00000000 00:00 0 
7f35e8c1e000-7f35ec000000 ---p 00000000 00:00 0 
7f35ec000000-7f35ec021000 rw-p 00000000 00:00 0 
7f35ec021000-7f35f0000000 ---p 00000000 00:00 0 
7f35f0000000-7f35f0021000 rw-p 00000000 00:00 0 
7f35f0021000-7f35f4000000 ---p 00000000 00:00 0 
7f35f4000000-7f35f4021000 rw-p 00000000 00:00 0 
7f35f4021000-7f35f8000000 ---p 00000000 00:00 0 
7f35f8000000-7f35f8021000 rw-p 00000000 00:00 0 
7f35f8021000-7f35fc000000 ---p 00000000 00:00 0 
7f35fc000000-7f35fc021000 rw-p 00000000 00:00 0 
7f35fc021000-7f3600000000 ---p 00000000 00:00 0 
7f3600000000-7f3600021000 rw-p 00000000 00:00 0 
7f3600021000-7f3604000000 ---p 00000000 00:00 0 
7f3604000000-7f36041cf000 rw-p 00000000 00:00 0 
7f36041cf000-7f3608000000 ---p 00000000 00:00 0 
7f3608000000-7f3608004000 ---p 00000000 00:00 0 
7f3608004000-7f3608100000 rw-p 00000000 00:00 0 
7f3608100000-7f3608104000 ---p 00000000 00:00 0 
7f3608104000-7f3608200000 rw-p 00000000 00:00 0 
7f3608200000-7f3608204000 ---p 00000000 00:00 0 
7f3608204000-7f3608300000 rw-p 00000000 00:00 0 
7f3608400000-7f3608404000 ---p 00000000 00:00 0 
7f3608404000-7f3608500000 rw-p 00000000 00:00 0 
7f3608600000-7f3608604000 ---p 00000000 00:00 0 
7f3608604000-7f3608700000 rw-p 00000000 00:00 0 
7f3608800000-7f3608804000 ---p 00000000 00:00 0 
7f3608804000-7f3608900000 rw-p 00000000 00:00 0 
7f3608a00000-7f3608a04000 ---p 00000000 00:00 0 
7f3608a04000-7f3608b00000 rw-p 00000000 00:00 0 
7f3608b00000-7f3608b04000 ---p 00000000 00:00 0 
7f3608b04000-7f3608c00000 rw-p 00000000 00:00 0 
7f3608c00000-7f3608c04000 ---p 00000000 00:00 0 
7f3608c04000-7f3608d00000 rw-p 00000000 00:00 0 
7f3609a68000-7f3609f00000 rw-p 00000000 00:00 0 
7f3609f18000-7f3609f19000 ---p 00000000 00:00 0 
7f3609f19000-7f360a01a000 rw-p 00000000 00:00 0 
7f360a01a000-7f360a01e000 ---p 00000000 00:00 0 
7f360a01e000-7f360a11a000 rw-p 00000000 00:00 0 
7f360a11a000-7f360a11e000 ---p 00000000 00:00 0 
7f360a11e000-7f360a21a000 rw-p 00000000 00:00 0 
7f360a21a000-7f360a21e000 ---p 00000000 00:00 0 
7f360a21e000-7f360a31a000 rw-p 00000000 00:00 0 
7f360a31a000-7f360a31e000 ---p 00000000 00:00 0 
7f360a31e000-7f360a51a000 rw-p 00000000 00:00 0 
7f360a51a000-7f360a51e000 ---p 00000000 00:00 0 
7f360a51e000-7f360a71a000 rw-p 00000000 00:00 0 
7f360a71a000-7f360a71e000 ---p 00000000 00:00 0 
7f360a71e000-7f360a81a000 rw-p 00000000 00:00 0 
7f360a81a000-7f360a81e000 ---p 00000000 00:00 0 
7f360a81e000-7f360a91a000 rw-p 00000000 00:00 0 
7f360a91a000-7f360ac00000 r--p 00000000 00:65a 28444448                  /usr/lib/locale/locale-archive
7f360ac00000-7f360aff0000 rw-p 00000000 00:00 0 
7f360aff0000-7f360b2d0000 rw-p 00000000 00:00 0 
7f360b2d0000-7f360b2f0000 rw-p 00000000 00:00 0 
7f360b2f0000-7f360b400000 rw-p 00000000 00:00 0 
7f360b480000-7f360b482000 r-xp 00000000 00:642 707802113                 /nix/store/gpxl5qgg8kicmcvivwmybwjlpf7wh20l-graalvm17-ce-22.3.0/lib/libextnet.so
7f360b482000-7f360b483000 r--p 00001000 00:642 707802113                 /nix/store/gpxl5qgg8kicmcvivwmybwjlpf7wh20l-graalvm17-ce-22.3.0/lib/libextnet.so
7f360b483000-7f360b484000 rw-p 00002000 00:642 707802113                 /nix/store/gpxl5qgg8kicmcvivwmybwjlpf7wh20l-graalvm17-ce-22.3.0/lib/libextnet.so
7f360b484000-7f360b485000 rw-p 00004000 00:642 707802113                 /nix/store/gpxl5qgg8kicmcvivwmybwjlpf7wh20l-graalvm17-ce-22.3.0/lib/libextnet.so
7f360b485000-7f360b489000 ---p 00000000 00:00 0 
7f360b489000-7f360b4a7000 rw-p 00000000 00:00 0 
7f360b4a7000-7f360b4ae000 r-xp 00000000 00:642 707804676                 /nix/store/gpxl5qgg8kicmcvivwmybwjlpf7wh20l-graalvm17-ce-22.3.0/lib/libzip.so
7f360b4ae000-7f360b4af000 ---p 00007000 00:642 707804676                 /nix/store/gpxl5qgg8kicmcvivwmybwjlpf7wh20l-graalvm17-ce-22.3.0/lib/libzip.so
7f360b4af000-7f360b4b0000 r--p 00007000 00:642 707804676                 /nix/store/gpxl5qgg8kicmcvivwmybwjlpf7wh20l-graalvm17-ce-22.3.0/lib/libzip.so
7f360b4b0000-7f360b4b1000 rw-p 00008000 00:642 707804676                 /nix/store/gpxl5qgg8kicmcvivwmybwjlpf7wh20l-graalvm17-ce-22.3.0/lib/libzip.so
7f360b4b1000-7f360b4b3000 rw-p 0000b000 00:642 707804676                 /nix/store/gpxl5qgg8kicmcvivwmybwjlpf7wh20l-graalvm17-ce-22.3.0/lib/libzip.so
7f360b4b3000-7f360b723000 rwxp 00000000 00:00 0 
7f360b723000-7f360ba42000 ---p 00000000 00:00 0 
7f360ba42000-7f360cf32000 rwxp 00000000 00:00 0 
7f360cf32000-7f3612f7a000 ---p 00000000 00:00 0 
7f3612f7a000-7f361334a000 rwxp 00000000 00:00 0 
7f361334a000-7f361a4b3000 ---p 00000000 00:00 0 
7f361a4b3000-7f3624000000 r--s 00000000 00:642 707804677                 /nix/store/gpxl5qgg8kicmcvivwmybwjlpf7wh20l-graalvm17-ce-22.3.0/lib/modules
7f3624000000-7f3624403000 rw-p 00000000 00:00 0 
7f3624403000-7f3628000000 ---p 00000000 00:00 0 
7f3628001000-7f3628016000 r-xp 00000000 00:642 707804666                 /nix/store/gpxl5qgg8kicmcvivwmybwjlpf7wh20l-graalvm17-ce-22.3.0/lib/libnet.so
7f3628016000-7f3628017000 ---p 00015000 00:642 707804666                 /nix/store/gpxl5qgg8kicmcvivwmybwjlpf7wh20l-graalvm17-ce-22.3.0/lib/libnet.so
7f3628017000-7f3628018000 r--p 00015000 00:642 707804666                 /nix/store/gpxl5qgg8kicmcvivwmybwjlpf7wh20l-graalvm17-ce-22.3.0/lib/libnet.so
7f3628018000-7f3628019000 rw-p 00016000 00:642 707804666                 /nix/store/gpxl5qgg8kicmcvivwmybwjlpf7wh20l-graalvm17-ce-22.3.0/lib/libnet.so
7f3628019000-7f362801c000 rw-p 0001b000 00:642 707804666                 /nix/store/gpxl5qgg8kicmcvivwmybwjlpf7wh20l-graalvm17-ce-22.3.0/lib/libnet.so
7f362801c000-7f362802f000 r-xp 00000000 00:642 707804667                 /nix/store/gpxl5qgg8kicmcvivwmybwjlpf7wh20l-graalvm17-ce-22.3.0/lib/libnio.so
7f362802f000-7f3628030000 r--p 00012000 00:642 707804667                 /nix/store/gpxl5qgg8kicmcvivwmybwjlpf7wh20l-graalvm17-ce-22.3.0/lib/libnio.so
7f3628030000-7f3628031000 rw-p 00013000 00:642 707804667                 /nix/store/gpxl5qgg8kicmcvivwmybwjlpf7wh20l-graalvm17-ce-22.3.0/lib/libnio.so
7f3628031000-7f3628036000 rw-p 00019000 00:642 707804667                 /nix/store/gpxl5qgg8kicmcvivwmybwjlpf7wh20l-graalvm17-ce-22.3.0/lib/libnio.so
7f3628036000-7f362803a000 ---p 00000000 00:00 0 
7f362803a000-7f3628136000 rw-p 00000000 00:00 0 
7f3628136000-7f362813a000 ---p 00000000 00:00 0 
7f362813a000-7f3628236000 rw-p 00000000 00:00 0 
7f3628236000-7f362823a000 ---p 00000000 00:00 0 
7f362823a000-7f3628336000 rw-p 00000000 00:00 0 
7f3628336000-7f3628337000 ---p 00000000 00:00 0 
7f3628337000-7f3628438000 rw-p 00000000 00:00 0 
7f3628438000-7f3628506000 r-xp 00000000 00:642 707802132                 /nix/store/gpxl5qgg8kicmcvivwmybwjlpf7wh20l-graalvm17-ce-22.3.0/lib/libjsvml.so
7f3628506000-7f3628507000 r--p 000cd000 00:642 707802132                 /nix/store/gpxl5qgg8kicmcvivwmybwjlpf7wh20l-graalvm17-ce-22.3.0/lib/libjsvml.so
7f3628507000-7f3628508000 rw-p 000ce000 00:642 707802132                 /nix/store/gpxl5qgg8kicmcvivwmybwjlpf7wh20l-graalvm17-ce-22.3.0/lib/libjsvml.so
7f3628508000-7f3629de0000 rw-p 00000000 00:00 0 
7f3629de0000-7f3629de1000 ---p 00000000 00:00 0 
7f3629de1000-7f3629f79000 rw-p 00000000 00:00 0 
7f3629f79000-7f3629faa000 rw-p 00000000 00:00 0 
7f3629faa000-7f3629fe2000 ---p 00000000 00:00 0 
7f3629fe2000-7f3629feb000 rw-p 00000000 00:00 0 
7f3629feb000-7f362a0ce000 ---p 00000000 00:00 0 
7f362a0ce000-7f362a0f8000 rw-p 00000000 00:00 0 
7f362a0f8000-7f362a1b9000 ---p 00000000 00:00 0 
7f362a1b9000-7f362a1be000 rw-p 00000000 00:00 0 
7f362a1be000-7f362a1c5000 ---p 00000000 00:00 0 
7f362a1c5000-7f362a1e9000 r-xp 00000000 00:642 707802124                 /nix/store/gpxl5qgg8kicmcvivwmybwjlpf7wh20l-graalvm17-ce-22.3.0/lib/libjava.so
7f362a1e9000-7f362a1ea000 ---p 00024000 00:642 707802124                 /nix/store/gpxl5qgg8kicmcvivwmybwjlpf7wh20l-graalvm17-ce-22.3.0/lib/libjava.so
7f362a1ea000-7f362a1eb000 r--p 00024000 00:642 707802124                 /nix/store/gpxl5qgg8kicmcvivwmybwjlpf7wh20l-graalvm17-ce-22.3.0/lib/libjava.so
7f362a1eb000-7f362a1ec000 rw-p 00025000 00:642 707802124                 /nix/store/gpxl5qgg8kicmcvivwmybwjlpf7wh20l-graalvm17-ce-22.3.0/lib/libjava.so
7f362a1ec000-7f362a1ed000 rw-p 00000000 00:00 0 
7f362a1ed000-7f362a1f4000 rw-p 0002f000 00:642 707802124                 /nix/store/gpxl5qgg8kicmcvivwmybwjlpf7wh20l-graalvm17-ce-22.3.0/lib/libjava.so
7f362a1f4000-7f362a1fc000 rw-s 00000000 00:a7 382                        /tmp/hsperfdata_runner/31
7f362a1fc000-7f362a1fd000 ---p 00000000 00:00 0 
7f362a1fd000-7f362a1fe000 r--p 00000000 00:00 0 
7f362a1fe000-7f362a1ff000 rwxp 00000000 00:00 0 
7f362a1ff000-7f362a21a000 r-xp 00000000 00:642 707802128                 /nix/store/gpxl5qgg8kicmcvivwmybwjlpf7wh20l-graalvm17-ce-22.3.0/lib/libjimage.so
7f362a21a000-7f362a21b000 ---p 0001b000 00:642 707802128                 /nix/store/gpxl5qgg8kicmcvivwmybwjlpf7wh20l-graalvm17-ce-22.3.0/lib/libjimage.so
7f362a21b000-7f362a21d000 r--p 0001b000 00:642 707802128                 /nix/store/gpxl5qgg8kicmcvivwmybwjlpf7wh20l-graalvm17-ce-22.3.0/lib/libjimage.so
7f362a21d000-7f362a21e000 rw-p 0001d000 00:642 707802128                 /nix/store/gpxl5qgg8kicmcvivwmybwjlpf7wh20l-graalvm17-ce-22.3.0/lib/libjimage.so
7f362a21e000-7f362a21f000 rw-p 00024000 00:642 707802128                 /nix/store/gpxl5qgg8kicmcvivwmybwjlpf7wh20l-graalvm17-ce-22.3.0/lib/libjimage.so
7f362a21f000-7f362a223000 ---p 00000000 00:00 0 
7f362a223000-7f362a31f000 rw-p 00000000 00:00 0 
7f362a31f000-7f362a32d000 r--p 00000000 00:642 600592023                 /nix/store/4nlgxhb09sdr51nc9hdm8az5b08vzkgx-glibc-2.35-163/lib/libm.so.6
7f362a32d000-7f362a3a0000 r-xp 0000e000 00:642 600592023                 /nix/store/4nlgxhb09sdr51nc9hdm8az5b08vzkgx-glibc-2.35-163/lib/libm.so.6
7f362a3a0000-7f362a3fd000 r--p 00081000 00:642 600592023                 /nix/store/4nlgxhb09sdr51nc9hdm8az5b08vzkgx-glibc-2.35-163/lib/libm.so.6
7f362a3fd000-7f362a3fe000 r--p 000dd000 00:642 600592023                 /nix/store/4nlgxhb09sdr51nc9hdm8az5b08vzkgx-glibc-2.35-163/lib/libm.so.6
7f362a3fe000-7f362a3ff000 rw-p 000de000 00:642 600592023                 /nix/store/4nlgxhb09sdr51nc9hdm8az5b08vzkgx-glibc-2.35-163/lib/libm.so.6
7f362a3ff000-7f362a400000 r--p 00000000 00:642 600592042                 /nix/store/4nlgxhb09sdr51nc9hdm8az5b08vzkgx-glibc-2.35-163/lib/librt.so.1
7f362a400000-7f362a401000 r-xp 00001000 00:642 600592042                 /nix/store/4nlgxhb09sdr51nc9hdm8az5b08vzkgx-glibc-2.35-163/lib/librt.so.1
7f362a401000-7f362a402000 r--p 00002000 00:642 600592042                 /nix/store/4nlgxhb09sdr51nc9hdm8az5b08vzkgx-glibc-2.35-163/lib/librt.so.1
7f362a402000-7f362a403000 r--p 00002000 00:642 600592042                 /nix/store/4nlgxhb09sdr51nc9hdm8az5b08vzkgx-glibc-2.35-163/lib/librt.so.1
7f362a403000-7f362a404000 rw-p 00003000 00:642 600592042                 /nix/store/4nlgxhb09sdr51nc9hdm8az5b08vzkgx-glibc-2.35-163/lib/librt.so.1
7f362a404000-7f362b517000 r-xp 00000000 00:642 707972962                 /nix/store/gpxl5qgg8kicmcvivwmybwjlpf7wh20l-graalvm17-ce-22.3.0/lib/server/libjvm.so
7f362b517000-7f362b518000 ---p 01113000 00:642 707972962                 /nix/store/gpxl5qgg8kicmcvivwmybwjlpf7wh20l-graalvm17-ce-22.3.0/lib/server/libjvm.so
7f362b518000-7f362b5cd000 r--p 01113000 00:642 707972962                 /nix/store/gpxl5qgg8kicmcvivwmybwjlpf7wh20l-graalvm17-ce-22.3.0/lib/server/libjvm.so
7f362b5cd000-7f362b601000 rw-p 011c8000 00:642 707972962                 /nix/store/gpxl5qgg8kicmcvivwmybwjlpf7wh20l-graalvm17-ce-22.3.0/lib/server/libjvm.so
7f362b601000-7f362b65d000 rw-p 00000000 00:00 0 
7f362b65d000-7f362b685000 r--p 00000000 00:642 600592014                 /nix/store/4nlgxhb09sdr51nc9hdm8az5b08vzkgx-glibc-2.35-163/lib/libc.so.6
7f362b685000-7f362b7fb000 r-xp 00028000 00:642 600592014                 /nix/store/4nlgxhb09sdr51nc9hdm8az5b08vzkgx-glibc-2.35-163/lib/libc.so.6
7f362b7fb000-7f362b853000 r--p 0019e000 00:642 600592014                 /nix/store/4nlgxhb09sdr51nc9hdm8az5b08vzkgx-glibc-2.35-163/lib/libc.so.6
7f362b853000-7f362b857000 r--p 001f6000 00:642 600592014                 /nix/store/4nlgxhb09sdr51nc9hdm8az5b08vzkgx-glibc-2.35-163/lib/libc.so.6
7f362b857000-7f362b859000 rw-p 001fa000 00:642 600592014                 /nix/store/4nlgxhb09sdr51nc9hdm8az5b08vzkgx-glibc-2.35-163/lib/libc.so.6
7f362b859000-7f362b868000 rw-p 00000000 00:00 0 
7f362b868000-7f362b869000 r--p 00000000 00:642 600592019                 /nix/store/4nlgxhb09sdr51nc9hdm8az5b08vzkgx-glibc-2.35-163/lib/libdl.so.2
7f362b869000-7f362b86a000 r-xp 00001000 00:642 600592019                 /nix/store/4nlgxhb09sdr51nc9hdm8az5b08vzkgx-glibc-2.35-163/lib/libdl.so.2
7f362b86a000-7f362b86b000 r--p 00002000 00:642 600592019                 /nix/store/4nlgxhb09sdr51nc9hdm8az5b08vzkgx-glibc-2.35-163/lib/libdl.so.2
7f362b86b000-7f362b86c000 r--p 00002000 00:642 600592019                 /nix/store/4nlgxhb09sdr51nc9hdm8az5b08vzkgx-glibc-2.35-163/lib/libdl.so.2
7f362b86c000-7f362b86d000 rw-p 00003000 00:642 600592019                 /nix/store/4nlgxhb09sdr51nc9hdm8az5b08vzkgx-glibc-2.35-163/lib/libdl.so.2
7f362b86d000-7f362b86e000 r--p 00000000 00:642 600592038                 /nix/store/4nlgxhb09sdr51nc9hdm8az5b08vzkgx-glibc-2.35-163/lib/libpthread.so.0
7f362b86e000-7f362b86f000 r-xp 00001000 00:642 600592038                 /nix/store/4nlgxhb09sdr51nc9hdm8az5b08vzkgx-glibc-2.35-163/lib/libpthread.so.0
7f362b86f000-7f362b870000 r--p 00002000 00:642 600592038                 /nix/store/4nlgxhb09sdr51nc9hdm8az5b08vzkgx-glibc-2.35-163/lib/libpthread.so.0
7f362b870000-7f362b871000 r--p 00002000 00:642 600592038                 /nix/store/4nlgxhb09sdr51nc9hdm8az5b08vzkgx-glibc-2.35-163/lib/libpthread.so.0
7f362b871000-7f362b872000 rw-p 00003000 00:642 600592038                 /nix/store/4nlgxhb09sdr51nc9hdm8az5b08vzkgx-glibc-2.35-163/lib/libpthread.so.0
7f362b872000-7f362b880000 r-xp 00000000 00:642 707802129                 /nix/store/gpxl5qgg8kicmcvivwmybwjlpf7wh20l-graalvm17-ce-22.3.0/lib/libjli.so
7f362b880000-7f362b881000 ---p 0000e000 00:642 707802129                 /nix/store/gpxl5qgg8kicmcvivwmybwjlpf7wh20l-graalvm17-ce-22.3.0/lib/libjli.so
7f362b881000-7f362b882000 r--p 0000e000 00:642 707802129                 /nix/store/gpxl5qgg8kicmcvivwmybwjlpf7wh20l-graalvm17-ce-22.3.0/lib/libjli.so
7f362b882000-7f362b883000 rw-p 0000f000 00:642 707802129                 /nix/store/gpxl5qgg8kicmcvivwmybwjlpf7wh20l-graalvm17-ce-22.3.0/lib/libjli.so
7f362b883000-7f362b884000 rw-p 00012000 00:642 707802129                 /nix/store/gpxl5qgg8kicmcvivwmybwjlpf7wh20l-graalvm17-ce-22.3.0/lib/libjli.so
7f362b884000-7f362b887000 r--p 00000000 00:642 678822167                 /nix/store/026hln0aq1hyshaxsdvhg0kmcm6yf45r-zlib-1.2.13/lib/libz.so.1.2.13
7f362b887000-7f362b899000 r-xp 00003000 00:642 678822167                 /nix/store/026hln0aq1hyshaxsdvhg0kmcm6yf45r-zlib-1.2.13/lib/libz.so.1.2.13
7f362b899000-7f362b8a0000 r--p 00015000 00:642 678822167                 /nix/store/026hln0aq1hyshaxsdvhg0kmcm6yf45r-zlib-1.2.13/lib/libz.so.1.2.13
7f362b8a0000-7f362b8a1000 r--p 0001b000 00:642 678822167                 /nix/store/026hln0aq1hyshaxsdvhg0kmcm6yf45r-zlib-1.2.13/lib/libz.so.1.2.13
7f362b8a1000-7f362b8a2000 rw-p 0001c000 00:642 678822167                 /nix/store/026hln0aq1hyshaxsdvhg0kmcm6yf45r-zlib-1.2.13/lib/libz.so.1.2.13
7f362b8a2000-7f362b8a4000 rw-p 00000000 00:00 0 
7f362b8a4000-7f362b8a6000 r--p 00000000 00:642 600592008                 /nix/store/4nlgxhb09sdr51nc9hdm8az5b08vzkgx-glibc-2.35-163/lib/ld-linux-x86-64.so.2
7f362b8a6000-7f362b8cd000 r-xp 00002000 00:642 600592008                 /nix/store/4nlgxhb09sdr51nc9hdm8az5b08vzkgx-glibc-2.35-163/lib/ld-linux-x86-64.so.2
7f362b8cd000-7f362b8d9000 r--p 00029000 00:642 600592008                 /nix/store/4nlgxhb09sdr51nc9hdm8az5b08vzkgx-glibc-2.35-163/lib/ld-linux-x86-64.so.2
7f362b8d9000-7f362b8db000 r--p 00034000 00:642 600592008                 /nix/store/4nlgxhb09sdr51nc9hdm8az5b08vzkgx-glibc-2.35-163/lib/ld-linux-x86-64.so.2
7f362b8db000-7f362b8dd000 rw-p 00036000 00:642 600592008                 /nix/store/4nlgxhb09sdr51nc9hdm8az5b08vzkgx-glibc-2.35-163/lib/ld-linux-x86-64.so.2
7ffcb3f9c000-7ffcb3fc0000 rw-p 00000000 00:00 0                          [stack]
7ffcb3fc8000-7ffcb3fcc000 r--p 00000000 00:00 0                          [vvar]
7ffcb3fcc000-7ffcb3fce000 r-xp 00000000 00:00 0                          [vdso]
ffffffffff600000-ffffffffff601000 --xp 00000000 00:00 0                  [vsyscall]


VM Arguments:
jvm_args: -XX:ThreadPriorityPolicy=1 -XX:+UnlockExperimentalVMOptions -XX:+EnableJVMCIProduct -XX:JVMCIThreadsPerNativeLibraryRuntime=1 -XX:-UnlockExperimentalVMOptions -Declipse.application=org.eclipse.jdt.ls.core.id1 -Dosgi.bundles.defaultStartLevel=4 -Declipse.product=org.eclipse.jdt.ls.core.product -Dlog.level=ALL -Xverify:none -XX:+UseParallelGC -XX:GCTimeRatio=4 -XX:AdaptiveSizePolicyWeight=90 -Dsun.zip.disableMemoryMapping=true -Xmx512m -Xms100m 
java_command: /nix/store/a7s9klvriqi68xz3qjc0qyfl5h86xc16-jdt-language-server-1.9.0/share/java/plugins/org.eclipse.equinox.launcher_1.6.400.v20210924-0641.jar --add-modules=ALL-SYSTEM --add-opens java.base/java.util=ALL-UNNAMED --add-opens java.base/java.lang=ALL-UNNAMED -configuration /home/runner/UltimaTentativa/.cache/jdt-language-server/config -data /home/runner/UltimaTentativa/.cache/jdt-language-server/data/home/runner/UltimaTentativa
java_class_path (initial): /nix/store/a7s9klvriqi68xz3qjc0qyfl5h86xc16-jdt-language-server-1.9.0/share/java/plugins/org.eclipse.equinox.launcher_1.6.400.v20210924-0641.jar
Launcher Type: SUN_STANDARD

[Global flags]
    uintx AdaptiveSizePolicyWeight                 = 90                                        {product} {command line}
     intx CICompilerCount                          = 2                                         {product} {ergonomic}
     bool EnableJVMCIProduct                       = true                                {JVMCI product} {jimage}
    uintx GCTimeRatio                              = 4                                         {product} {command line}
   size_t InitialHeapSize                          = 104857600                                 {product} {command line}
     uint JVMCIThreadsPerNativeLibraryRuntime      = 1                                   {JVMCI product} {jimage}
   size_t MaxHeapSize                              = 536870912                                 {product} {command line}
   size_t MaxNewSize                               = 178782208                                 {product} {ergonomic}
   size_t MinHeapDeltaBytes                        = 524288                                    {product} {ergonomic}
   size_t MinHeapSize                              = 104857600                                 {product} {command line}
   size_t NewSize                                  = 34603008                                  {product} {ergonomic}
    uintx NonNMethodCodeHeapSize                   = 5826188                                {pd product} {ergonomic}
    uintx NonProfiledCodeHeapSize                  = 122916026                              {pd product} {ergonomic}
   size_t OldSize                                  = 70254592                                  {product} {ergonomic}
    uintx ProfiledCodeHeapSize                     = 122916026                              {pd product} {ergonomic}
    uintx ReservedCodeCacheSize                    = 251658240                              {pd product} {ergonomic}
     bool SegmentedCodeCache                       = true                                      {product} {ergonomic}
   size_t SoftMaxHeapSize                          = 536870912                              {manageable} {ergonomic}
     intx ThreadPriorityPolicy                     = 1                                         {product} {jimage}
     bool UseCompressedClassPointers               = true                           {product lp64_product} {ergonomic}
     bool UseCompressedOops                        = true                           {product lp64_product} {ergonomic}
     bool UseParallelGC                            = true                                      {product} {command line}

Logging:
Log output configuration:
 #0: stdout all=warning uptime,level,tags
 #1: stderr all=off uptime,level,tags

Environment Variables:
JAVA_HOME=/nix/store/gpxl5qgg8kicmcvivwmybwjlpf7wh20l-graalvm17-ce-22.3.0
PATH=/nix/store/1d6ian3r8kdzspw8hacjhl3xkp40g1lj-binutils-wrapper-2.39/bin:/nix/store/dq0xwmsk1g0i2ayg6pb7y87na2knzylh-gcc-wrapper-11.3.0/bin:/nix/store/bap4d0lpcrhpwmpb8ayjcgkmvfj62lnq-bash-interactive-5.1-p16/bin:/nix/store/pr5n59mb4jzmfx6kanwxly0l07p861fg-patchelf-0.15.0/bin:/nix/store/1gf2flfqnpqbr1b4p4qz2f72y42bs56r-gcc-11.3.0/bin:/nix/store/57xv61c5zi8pphjbcwxxjlgc34p61ic9-glibc-2.35-163-bin/bin:/nix/store/a7gvj343m05j2s32xcnwr35v31ynlypr-coreutils-9.1/bin:/nix/store/039g378vc3pc3dvi9dzdlrd0i4q93qwf-binutils-2.39/bin:/nix/store/gpxl5qgg8kicmcvivwmybwjlpf7wh20l-graalvm17-ce-22.3.0/bin:/nix/store/6z9ag3ihc8mq2hzsw48lhbznvzny65nz-apache-maven-3.8.6/bin:/nix/store/a7s9klvriqi68xz3qjc0qyfl5h86xc16-jdt-language-server-1.9.0/bin:/nix/store/48ifl2w60a3zp7yskbpnvn8jp9jdsb7k-java-debug/bin:/nix/store/mydc6f4k2z73xlcz7ilif3v2lcaiqvza-findutils-4.9.0/bin:/nix/store/j9p3g8472iijd50vhdprx0nmk2fqn5gv-diffutils-3.8/bin:/nix/store/89zs7rms6x00xfq4dq6m7mjnhkr8a6r4-gnused-4.8/bin:/nix/store/86bp03jkmsl6f92w0yzg4s59g5mhxwmy-gnugrep-3.7/bin:/nix/store/hwcdqw4jrjnd37wxqgsd47hd0j8bnj09-gawk-5.1.1/bin:/nix/store/cfbhw8r8ags41vwqaz47r583d0p4h4a1-gnutar-1.34/bin:/nix/store/p3m1ndl1lapwrlh698bnb5lvvxh67378-gzip-1.12/bin:/nix/store/a8mhcagrsly7c7mpjrpsnaahk4aax056-bzip2-1.0.8-bin/bin:/nix/store/mblgz65m3zv9x548a3d5m96fj2pbwr09-gnumake-4.3/bin:/nix/store/dsd5gz46hdbdk2rfdimqddhq6m8m8fqs-bash-5.1-p16/bin:/nix/store/v7ljksji50mg3w61dykaa3n3y79n6nil-patch-2.7.6/bin:/nix/store/zlcnmqq14jz5x9439jf937mvayyl63da-xz-5.2.7-bin/bin:/nix/store/y6aj732zm9m87c82fpvf103a1xb22blp-file-5.43/bin:/nix/store/yq0vlv3d2f5si3ibawpq5ay2pc6knixp-nix-2.18.0pre20230808_c0e6466/bin:/nix/store/i4kzir3m7mrisxmf5xvlnkw01x4qaqr4-prybar-elisp-0.0.0-e0d9a52/bin:/nix/store/lwwivxf6h7x3cvxp9zv8sj0mv7dak99r-prybar-lua-0.0.0-e0d9a52/bin:/nix/store/gxj28g1cg4hq3qanmjv07156h800qr58-prybar-python3-0.0.0-e0d9a52/bin:/nix/store/hshkjnxrgidigf8x75vg6lqng2xlx9i3-prybar-sqlite-0.0.0-e0d9a52/bin:/nix/store/c4w01bpjgyy5ixmwdk8m1pw87zq4sl
LD_LIBRARY_PATH=/nix/store/a4pff549sk2idnkpzk5nsfps3mdkdnvm-cups-2.4.2-lib/lib:/nix/store/72mqxxhh3cy5yifh92wh2yb8cl2hikyy-cairo-1.16.0/lib:/nix/store/2k366jrbsra97gjfxwvrhvixjfxdach5-glib-2.74.1/lib:/nix/store/2j2znigd8ak37rlwh9khz0ry3clqlw1l-gtk+3-3.24.34/lib:/nix/store/hisqvx32cd57apbpcsnkpx6k3549wql1-libglvnd-1.4.0/lib:/nix/store/p36pgcv991mq5srvg765b78yqpxvk3qs-mesa-21.3.3-drivers/lib:/nix/store/mav4251if1ahjq5vkpwycyyvnmy459c4-pulseaudio-14.2/lib
DISPLAY=:0
LANG=en_US.UTF-8

Signal Handlers:
   SIGSEGV: crash_handler in libjvm.so, mask=11100100010111111101111111111110, flags=SA_RESTART|SA_SIGINFO
    SIGBUS: crash_handler in libjvm.so, mask=11100100010111111101111111111110, flags=SA_RESTART|SA_SIGINFO
    SIGFPE: crash_handler in libjvm.so, mask=11100100010111111101111111111110, flags=SA_RESTART|SA_SIGINFO
   SIGPIPE: IsolateEnterStub_IgnoreSIGPIPEStartupHook_noopSignalHandler_8f19bff2f35b5f630d83b364d6b2339320d4ec70_216e8361c6bc87a8f89f58cc10d3b2fd4415bf87 in libjvmcicompiler.so, mask=00000000000000000000000000000000, flags=SA_RESTART
  *** Handler was modified!
  *** Expected: javaSignalHandler in libjvm.so, mask=11100100110111111111111111111110, flags=SA_RESTART|SA_SIGINFO
   SIGXFSZ: javaSignalHandler in libjvm.so, mask=11100100010111111101111111111110, flags=SA_RESTART|SA_SIGINFO
    SIGILL: crash_handler in libjvm.so, mask=11100100010111111101111111111110, flags=SA_RESTART|SA_SIGINFO
   SIGUSR2: SR_handler in libjvm.so, mask=00000000000000000000000000000000, flags=SA_RESTART|SA_SIGINFO
    SIGHUP: UserHandler in libjvm.so, mask=11100100010111111101111111111110, flags=SA_RESTART|SA_SIGINFO
    SIGINT: UserHandler in libjvm.so, mask=11100100010111111101111111111110, flags=SA_RESTART|SA_SIGINFO
   SIGTERM: UserHandler in libjvm.so, mask=11100100010111111101111111111110, flags=SA_RESTART|SA_SIGINFO
   SIGQUIT: UserHandler in libjvm.so, mask=11100100010111111101111111111110, flags=SA_RESTART|SA_SIGINFO
  *** Handler was modified!
  *** Expected: javaSignalHandler in libjvm.so, mask=11100100110111111111111111111110, flags=SA_RESTART|SA_SIGINFO
   SIGTRAP: crash_handler in libjvm.so, mask=11100100010111111101111111111110, flags=SA_RESTART|SA_SIGINFO


---------------  S Y S T E M  ---------------

OS:
DISTRIB_ID=Ubuntu
DISTRIB_RELEASE=20.04
DISTRIB_CODENAME=focal
DISTRIB_DESCRIPTION="Ubuntu 20.04.2 LTS"
uname: Linux 6.2.0-1018-gcp #20~22.04.1-Ubuntu SMP Mon Oct 23 12:29:43 UTC 2023 x86_64
OS uptime: 0 days 1:46 hours
libc: glibc 2.35 NPTL 2.35 
rlimit (soft/hard): STACK 8192k/infinity , CORE infinity/infinity , NPROC infinity/infinity , NOFILE 5242/5242 , AS infinity/infinity , CPU infinity/infinity , DATA infinity/infinity , FSIZE infinity/infinity , MEMLOCK 8192k/8192k
load average: 24.06 19.25 17.45

/proc/meminfo:
MemTotal:       65835924 kB
MemFree:        36897284 kB
MemAvailable:   49444016 kB
Buffers:         1945628 kB
Cached:         10247764 kB
SwapCached:            0 kB
Active:          5521824 kB
Inactive:       21500904 kB
Active(anon):       7572 kB
Inactive(anon): 14637832 kB
Active(file):    5514252 kB
Inactive(file):  6863072 kB
Unevictable:       27976 kB
Mlocked:           27976 kB
SwapTotal:             0 kB
SwapFree:              0 kB
Zswap:                 0 kB
Zswapped:              0 kB
Dirty:              4608 kB
Writeback:             0 kB
AnonPages:      14726548 kB
Mapped:          2065220 kB
Shmem:             74260 kB
KReclaimable:     895860 kB
Slab:            1291456 kB
SReclaimable:     895860 kB
SUnreclaim:       395596 kB
KernelStack:      109468 kB
PageTables:       199060 kB
SecPageTables:         0 kB
NFS_Unstable:          0 kB
Bounce:                0 kB
WritebackTmp:          0 kB
CommitLimit:    32917960 kB
Committed_AS:   45094008 kB
VmallocTotal:   34359738367 kB
VmallocUsed:      133420 kB
VmallocChunk:          0 kB
Percpu:            28448 kB
HardwareCorrupted:     0 kB
AnonHugePages:   1167360 kB
ShmemHugePages:        0 kB
ShmemPmdMapped:        0 kB
FileHugePages:         0 kB
FilePmdMapped:         0 kB
HugePages_Total:       0
HugePages_Free:        0
HugePages_Rsvd:        0
HugePages_Surp:        0
Hugepagesize:       2048 kB
Hugetlb:               0 kB
DirectMap4k:      203576 kB
DirectMap2M:     7133184 kB
DirectMap1G:    61865984 kB

/sys/kernel/mm/transparent_hugepage/enabled: always [madvise] never
/sys/kernel/mm/transparent_hugepage/defrag (defrag/compaction efforts parameter): always defer defer+madvise [madvise] never

Process Memory:
Virtual Size: 5122612K (peak: 5197628K)
Resident Set Size: 768036K (peak: 805940K) (anon: 570072K, file: 197964K, shmem: 0K)
Swapped out: 0K
C-Heap outstanding allocations: 45954K, retained: 16025K
glibc malloc tunables: (default)

/proc/sys/kernel/threads-max (system-wide limit on the number of threads): 514277
/proc/sys/vm/max_map_count (maximum number of memory map areas a process may have): 65530
/proc/sys/kernel/pid_max (system-wide limit on number of process identifiers): 4194304

container (cgroup) information:
container_type: cgroupv2
cpu_cpuset_cpus: not supported
cpu_memory_nodes: not supported
active_processor_count: 1
cpu_quota: 50000
cpu_period: 100000
cpu_shares: no shares
memory_limit_in_bytes: 1048576 k
memory_and_swap_limit_in_bytes: unlimited
memory_soft_limit_in_bytes: 524288 k
memory_usage_in_bytes: 673816 k
memory_max_usage_in_bytes: not supported
maximum number of tasks: not supported
current number of tasks: not supported

KVM virtualization detected
Steal ticks since vm start: 1678
Steal ticks percentage since vm start:  0.005

CPU: total 8 (initial active 1) (4 cores per cpu, 2 threads per core) family 6 model 79 stepping 0 microcode 0xffffffff, cx8, cmov, fxsr, ht, mmx, 3dnowpref, sse, sse2, sse3, ssse3, sse4.1, sse4.2, popcnt, lzcnt, tsc, tscinvbit, avx, avx2, aes, erms, clmul, bmi1, bmi2, rtm, adx, fma, vzeroupper, clflush, hv
CPU Model and flags from /proc/cpuinfo:
model name	: Intel(R) Xeon(R) CPU @ 2.20GHz
flags		: fpu vme de pse tsc msr pae mce cx8 apic sep mtrr pge mca cmov pat pse36 clflush mmx fxsr sse sse2 ss ht syscall nx pdpe1gb rdtscp lm constant_tsc rep_good nopl xtopology nonstop_tsc cpuid tsc_known_freq pni pclmulqdq ssse3 fma cx16 pcid sse4_1 sse4_2 x2apic movbe popcnt aes xsave avx f16c rdrand hypervisor lahf_lm abm 3dnowprefetch invpcid_single pti ssbd ibrs ibpb stibp fsgsbase tsc_adjust bmi1 hle avx2 smep bmi2 erms invpcid rtm rdseed adx smap xsaveopt arat md_clear arch_capabilities

Online cpus: 0-7
Offline cpus: 
BIOS frequency limitation: <Not Available>
Frequency switch latency (ns): <Not Available>
Available cpu frequencies: <Not Available>
Current governor: <Not Available>
Core performance/turbo boost: <Not Available>

Memory: 4k page, physical 1048576k(374568k free), swap 0k(0k free)
Page Sizes: 4k

vm_info: OpenJDK 64-Bit Server VM (17.0.5+8-jvmci-22.3-b08) for linux-amd64 JRE (17.0.5+8-jvmci-22.3-b08), built on Oct 19 2022 09:01:27 by "buildslave" with gcc 10.3.0

END.
